#
# A fatal error has been detected by the Java Runtime Environment:
#
#  EXCEPTION_ACCESS_VIOLATION (0xc0000005) at pc=0x00007ff9f2847592, pid=11796, tid=9976
#
# JRE version: OpenJDK Runtime Environment Temurin-17.0.7+7 (17.0.7+7) (build 17.0.7+7)
# Java VM: OpenJDK 64-Bit Server VM Temurin-17.0.7+7 (17.0.7+7, mixed mode, emulated-client, tiered, compressed oops, compressed class ptrs, g1 gc, windows-amd64)
# Problematic frame:
# V  [jvm.dll+0x2d7592]
#
# No core dump will be written. Minidumps are not enabled by default on client versions of Windows
#
# If you would like to submit a bug report, please visit:
#   https://github.com/adoptium/adoptium-support/issues
#

---------------  S U M M A R Y ------------

Command Line: -Dcom.sun.management.jmxremote -Dcom.sun.management.jmxremote.port=58616 -Dcom.sun.management.jmxremote.authenticate=false -Dcom.sun.management.jmxremote.ssl=false -Djava.rmi.server.hostname=localhost -Dspring.jmx.enabled=true -Dmanagement.endpoints.jmx.exposure.include=* -Dspring.application.admin.enabled=true -XX:TieredStopAtLevel=1 -Dspring.boot.project.name=opManagementProject -Dfile.encoding=UTF-8 -XX:+ShowCodeDetailsInExceptionMessages com.example.demo.OpManagementProjectApplication --spring.output.ansi.enabled=always

Host: Intel(R) Core(TM) i3 CPU         540  @ 3.07GHz, 4 cores, 3G,  Windows 10 , 64 bit Build 19041 (10.0.19041.1503)
Time: Fri Aug 25 12:22:24 2023 India Standard Time elapsed time: 9.343609 seconds (0d 0h 0m 9s)

---------------  T H R E A D  ---------------

Current thread (0x000002aae643f660):  ConcurrentGCThread "G1 Conc#0" [stack: 0x000000dba6b00000,0x000000dba6c00000] [id=9976]

Stack: [0x000000dba6b00000,0x000000dba6c00000],  sp=0x000000dba6bffb10,  free space=1022k
Native frames: (J=compiled Java code, j=interpreted, Vv=VM code, C=native code)
V  [jvm.dll+0x2d7592]
V  [jvm.dll+0x2d72df]
V  [jvm.dll+0x2d679d]
V  [jvm.dll+0x2d5036]
V  [jvm.dll+0x2ec158]
V  [jvm.dll+0x2eacd6]
V  [jvm.dll+0x2e7451]
V  [jvm.dll+0x2e8dac]
V  [jvm.dll+0x2e7d84]
V  [jvm.dll+0x2eb916]
V  [jvm.dll+0x860ffb]
V  [jvm.dll+0x861046]
V  [jvm.dll+0x7e4e7a]
V  [jvm.dll+0x676395]
C  [ucrtbase.dll+0x21bb2]
C  [KERNEL32.DLL+0x17034]
C  [ntdll.dll+0x52651]


siginfo: EXCEPTION_ACCESS_VIOLATION (0xc0000005), reading address 0x00000000000000c0


Register to memory mapping:

RIP=0x00007ff9f2847592 jvm.dll
RAX=0x000002aae64183f0 points into unknown readable memory: 0x0000000000000000 | 00 00 00 00 00 00 00 00
RBX=0x000002aae6440990 points into unknown readable memory: 0x00007ff9f2ec3818 | 18 38 ec f2 f9 7f 00 00
RCX=0x0000000000000014 is an unknown value
RDX=0x0 is NULL
RSP=0x000000dba6bffb10 points into unknown readable memory: 0x0000000000000001 | 01 00 00 00 00 00 00 00
RBP=0x0 is NULL
RSI=0x000002aae6435b00 points into unknown readable memory: 0x000002aae643e5a0 | a0 e5 43 e6 aa 02 00 00
RDI=0x0000000000000019 is an unknown value
R8 =0x0000000000000019 is an unknown value
R9 =0x0 is NULL
R10=0x0000000000000003 is an unknown value
R11=0x0000000000000003 is an unknown value
R12=0x0 is NULL
R13=0xaaaaaaaaaaaaaaab is an unknown value
R14=0x000002aae6440998 points into unknown readable memory: 0x000002aae6440990 | 90 09 44 e6 aa 02 00 00
R15=0x000000dba6bffcf0 points into unknown readable memory: 0x000002aae6435b00 | 00 5b 43 e6 aa 02 00 00


Registers:
RAX=0x000002aae64183f0, RBX=0x000002aae6440990, RCX=0x0000000000000014, RDX=0x0000000000000000
RSP=0x000000dba6bffb10, RBP=0x0000000000000000, RSI=0x000002aae6435b00, RDI=0x0000000000000019
R8 =0x0000000000000019, R9 =0x0000000000000000, R10=0x0000000000000003, R11=0x0000000000000003
R12=0x0000000000000000, R13=0xaaaaaaaaaaaaaaab, R14=0x000002aae6440998, R15=0x000000dba6bffcf0
RIP=0x00007ff9f2847592, EFLAGS=0x0000000000010246

Top of Stack: (sp=0x000000dba6bffb10)
0x000000dba6bffb10:   0000000000000001 00007ffa2b714cd5
0x000000dba6bffb20:   0000000000000002 00007ff9f2c2a598
0x000000dba6bffb30:   0000000000000019 00007ff9f28472df
0x000000dba6bffb40:   0000000000000000 00000000c3ab6978
0x000000dba6bffb50:   000000dba6bffd30 00007ff9f2847658
0x000000dba6bffb60:   00000000c3aba978 00007ff9f284679d
0x000000dba6bffb70:   00000000c3ab6988 000000dba6bffd30
0x000000dba6bffb80:   00000000c3ab6978 00007ff9f28472df
0x000000dba6bffb90:   00000000c3ab6978 0000000000000800
0x000000dba6bffba0:   0000000000000800 00007ff9f2845036
0x000000dba6bffbb0:   00000000c3ab6978 000002aae6435b10
0x000000dba6bffbc0:   00000000c3ab6978 00007ff9f2846fdc
0x000000dba6bffbd0:   00000000c3ab6978 0000000000000800
0x000000dba6bffbe0:   0000000000000800 00007ff9f285c158
0x000000dba6bffbf0:   00000000c3ab6978 00007ff9f285c1ba
0x000000dba6bffc00:   0000000100022640 0000000000000008 

Instructions: (pc=0x00007ff9f2847592)
0x00007ff9f2847492:   48 3b c8 75 ee 32 db 48 8b 6c 24 38 0f b6 c3 48
0x00007ff9f28474a2:   8b 5c 24 30 48 8b 74 24 40 48 83 c4 20 5f c3 80
0x00007ff9f28474b2:   3d d7 40 89 00 00 b3 01 74 15 8b 57 08 8b 0d 33
0x00007ff9f28474c2:   7e 82 00 48 d3 e2 48 03 15 21 7e 82 00 eb 04 48
0x00007ff9f28474d2:   8b 57 08 48 8b cf e8 b3 54 d3 ff 4c 63 d8 48 8b
0x00007ff9f28474e2:   86 08 03 00 00 4c 8b 04 e8 49 8b 40 18 8b 88 c0
0x00007ff9f28474f2:   01 00 00 48 8b 90 b8 01 00 00 48 d3 e2 8b 0d cb
0x00007ff9f2847502:   49 89 00 48 2b fa 41 8b 50 60 48 d3 ef 44 8b d7
0x00007ff9f2847512:   49 23 d2 48 c1 e2 04 49 03 50 40 8b 02 3b c7 74
0x00007ff9f2847522:   2d 4c 8b 4a 08 4d 85 c9 74 0c 8b c8 49 8b 40 38
0x00007ff9f2847532:   f0 4c 0f c1 0c c8 48 c7 42 08 00 00 00 00 44 89
0x00007ff9f2847542:   12 49 ff 40 58 4c 01 5a 08 e9 49 ff ff ff 49 ff
0x00007ff9f2847552:   40 50 4c 01 5a 08 e9 3c ff ff ff cc cc cc 48 89
0x00007ff9f2847562:   6c 24 10 48 89 74 24 18 57 48 83 ec 20 48 8b 41
0x00007ff9f2847572:   08 48 8b f1 4d 8b c8 8b ea 49 8b f8 8b 88 c0 01
0x00007ff9f2847582:   00 00 48 8b 80 b0 01 00 00 49 d3 e9 4e 8b 0c c8
0x00007ff9f2847592:   4d 3b 81 c0 00 00 00 72 12 32 c0 48 8b 6c 24 38
0x00007ff9f28475a2:   48 8b 74 24 40 48 83 c4 20 5f c3 48 89 5c 24 30
0x00007ff9f28475b2:   48 8b d7 48 8b 9e 98 00 00 00 48 8b cb 48 8b 03
0x00007ff9f28475c2:   ff 10 8b 4b 18 48 8b d7 48 2b 53 08 48 8b 43 20
0x00007ff9f28475d2:   48 c1 ea 03 48 d3 ea 48 8b ca 48 c1 e9 06 4c 8d
0x00007ff9f28475e2:   04 c8 0f b6 ca 49 8b 00 80 e1 3f ba 01 00 00 00
0x00007ff9f28475f2:   48 d3 e2 48 8b c8 48 0b ca 48 3b c8 74 12 f0 49
0x00007ff9f2847602:   0f b1 08 74 25 48 8b c8 48 0b ca 48 3b c8 75 ee
0x00007ff9f2847612:   32 db 48 8b 6c 24 38 0f b6 c3 48 8b 5c 24 30 48
0x00007ff9f2847622:   8b 74 24 40 48 83 c4 20 5f c3 80 3d 5c 3f 89 00
0x00007ff9f2847632:   00 b3 01 74 15 8b 57 08 8b 0d b8 7c 82 00 48 d3
0x00007ff9f2847642:   e2 48 03 15 a6 7c 82 00 eb 04 48 8b 57 08 48 8b
0x00007ff9f2847652:   cf e8 38 53 d3 ff 4c 63 d8 48 8b 86 08 03 00 00
0x00007ff9f2847662:   4c 8b 04 e8 49 8b 40 18 8b 88 c0 01 00 00 48 8b
0x00007ff9f2847672:   90 b8 01 00 00 48 d3 e2 8b 0d 50 48 89 00 48 2b
0x00007ff9f2847682:   fa 41 8b 50 60 48 d3 ef 44 8b d7 49 23 d2 48 c1 


Stack slot to memory mapping:
stack at sp + 0 slots: 0x0000000000000001 is an unknown value
stack at sp + 1 slots: 0x00007ffa2b714cd5 KERNELBASE.dll
stack at sp + 2 slots: 0x0000000000000002 is an unknown value
stack at sp + 3 slots: 0x00007ff9f2c2a598 jvm.dll
stack at sp + 4 slots: 0x0000000000000019 is an unknown value
stack at sp + 5 slots: 0x00007ff9f28472df jvm.dll
stack at sp + 6 slots: 0x0 is NULL
stack at sp + 7 slots: 0x00000000c3ab6978 is an oop: [Ljava.lang.Class; 
{0x00000000c3ab6978} - klass: 'java/lang/Class'[]
 - length: 1073741824


---------------  P R O C E S S  ---------------

Threads class SMR info:
_java_thread_list=0x000002aaf1b8f6d0, length=18, elements={
0x000002aae43fdfd0, 0x000002aaf11a1800, 0x000002aaf11a6110, 0x000002aaf11c6490,
0x000002aaf1200410, 0x000002aaf1200cd0, 0x000002aaf1205aa0, 0x000002aaf1206360,
0x000002aaf1206c60, 0x000002aaf1233d30, 0x000002aaf14d0ec0, 0x000002aaf1ac7b70,
0x000002aaf1ac3f60, 0x000002aaf1ac4c30, 0x000002aaf1ac5100, 0x000002aaf1ad4c60,
0x000002aaf1c98350, 0x000002aaf1c448d0
}

Java Threads: ( => current thread )
  0x000002aae43fdfd0 JavaThread "main" [_thread_blocked, id=10016, stack(0x000000dba6800000,0x000000dba6900000)]
  0x000002aaf11a1800 JavaThread "Reference Handler" daemon [_thread_blocked, id=11376, stack(0x000000dba6f00000,0x000000dba7000000)]
  0x000002aaf11a6110 JavaThread "Finalizer" daemon [_thread_blocked, id=14344, stack(0x000000dba7000000,0x000000dba7100000)]
  0x000002aaf11c6490 JavaThread "Signal Dispatcher" daemon [_thread_blocked, id=6424, stack(0x000000dba7100000,0x000000dba7200000)]
  0x000002aaf1200410 JavaThread "Attach Listener" daemon [_thread_blocked, id=13888, stack(0x000000dba7200000,0x000000dba7300000)]
  0x000002aaf1200cd0 JavaThread "Service Thread" daemon [_thread_blocked, id=14416, stack(0x000000dba7300000,0x000000dba7400000)]
  0x000002aaf1205aa0 JavaThread "Monitor Deflation Thread" daemon [_thread_blocked, id=9692, stack(0x000000dba7400000,0x000000dba7500000)]
  0x000002aaf1206360 JavaThread "C1 CompilerThread0" daemon [_thread_blocked, id=612, stack(0x000000dba7500000,0x000000dba7600000)]
  0x000002aaf1206c60 JavaThread "Sweeper thread" daemon [_thread_blocked, id=9708, stack(0x000000dba7600000,0x000000dba7700000)]
  0x000002aaf1233d30 JavaThread "Common-Cleaner" daemon [_thread_blocked, id=13280, stack(0x000000dba7700000,0x000000dba7800000)]
  0x000002aaf14d0ec0 JavaThread "Notification Thread" daemon [_thread_blocked, id=14196, stack(0x000000dba7a00000,0x000000dba7b00000)]
  0x000002aaf1ac7b70 JavaThread "RMI TCP Accept-0" daemon [_thread_in_native, id=14924, stack(0x000000dba7b00000,0x000000dba7c00000)]
  0x000002aaf1ac3f60 JavaThread "RMI TCP Accept-58616" daemon [_thread_in_native, id=2756, stack(0x000000dba7c00000,0x000000dba7d00000)]
  0x000002aaf1ac4c30 JavaThread "RMI TCP Accept-0" daemon [_thread_in_native, id=11992, stack(0x000000dba7d00000,0x000000dba7e00000)]
  0x000002aaf1ac5100 JavaThread "RMI TCP Connection(1)-127.0.0.1" daemon [_thread_in_native, id=15328, stack(0x000000dba7f00000,0x000000dba8000000)]
  0x000002aaf1ad4c60 JavaThread "RMI Scheduler(0)" daemon [_thread_blocked, id=1168, stack(0x000000dba8000000,0x000000dba8100000)]
  0x000002aaf1c98350 JavaThread "RMI TCP Connection(2)-127.0.0.1" daemon [_thread_in_native, id=14820, stack(0x000000dba8600000,0x000000dba8700000)]
  0x000002aaf1c448d0 JavaThread "JMX server connection timeout 21" daemon [_thread_blocked, id=14116, stack(0x000000dba8700000,0x000000dba8800000)]

Other Threads:
  0x000002aaf119e440 VMThread "VM Thread" [stack: 0x000000dba6e00000,0x000000dba6f00000] [id=10824]
  0x000002aae6446520 WatcherThread [stack: 0x000000dba7e00000,0x000000dba7f00000] [id=11704]
  0x000002aae64355f0 GCTaskThread "GC Thread#0" [stack: 0x000000dba6900000,0x000000dba6a00000] [id=3660]
  0x000002aaf1c57610 GCTaskThread "GC Thread#1" [stack: 0x000000dba8100000,0x000000dba8200000] [id=6164]
  0x000002aaf1c469b0 GCTaskThread "GC Thread#2" [stack: 0x000000dba8200000,0x000000dba8300000] [id=14788]
  0x000002aaf1c6c8d0 GCTaskThread "GC Thread#3" [stack: 0x000000dba8300000,0x000000dba8400000] [id=11660]
  0x000002aae643e5a0 ConcurrentGCThread "G1 Main Marker" [stack: 0x000000dba6a00000,0x000000dba6b00000] [id=572]
=>0x000002aae643f660 ConcurrentGCThread "G1 Conc#0" [stack: 0x000000dba6b00000,0x000000dba6c00000] [id=9976]
  0x000002aae647d190 ConcurrentGCThread "G1 Refine#0" [stack: 0x000000dba6c00000,0x000000dba6d00000] [id=2548]
  0x000002aaf1c46000 ConcurrentGCThread "G1 Refine#1" [stack: 0x000000dba8400000,0x000000dba8500000] [id=10040]
  0x000002aaf1c462e0 ConcurrentGCThread "G1 Refine#2" [stack: 0x000000dba8500000,0x000000dba8600000] [id=10864]
  0x000002aae647dac0 ConcurrentGCThread "G1 Service" [stack: 0x000000dba6d00000,0x000000dba6e00000] [id=5788]

Threads with active compile tasks:

VM state: not at safepoint (normal execution)

VM Mutex/Monitor currently owned by a thread:  ([mutex/lock_event])
[0x000002aae63fb540] Heap_lock - owner thread: 0x000002aae43fdfd0

Heap address: 0x00000000c3200000, size: 974 MB, Compressed Oops mode: 32-bit

CDS archive(s) not mapped
Compressed class space mapped at: 0x0000000100000000-0x0000000140000000, reserved size: 1073741824
Narrow klass base: 0x0000000000000000, Narrow klass shift: 3, Narrow klass range: 0x140000000

GC Precious Log:
 CPUs: 4 total, 4 available
 Memory: 3893M
 Large Page Support: Disabled
 NUMA Support: Disabled
 Compressed Oops: Enabled (32-bit)
 Heap Region Size: 1M
 Heap Min Capacity: 8M
 Heap Initial Capacity: 62M
 Heap Max Capacity: 974M
 Pre-touch: Disabled
 Parallel Workers: 4
 Concurrent Workers: 1
 Concurrent Refinement Workers: 4
 Periodic GC: Disabled

Heap:
 garbage-first heap   total 49152K, used 18532K [0x00000000c3200000, 0x0000000100000000)
  region size 1024K, 5 young (5120K), 3 survivors (3072K)
 Metaspace       used 36201K, committed 36608K, reserved 1114112K
  class space    used 4610K, committed 4800K, reserved 1048576K

Heap Regions: E=young(eden), S=young(survivor), O=old, HS=humongous(starts), HC=humongous(continues), CS=collection set, F=free, OA=open archive, CA=closed archive, TAMS=top-at-mark-start (previous, next)
|   0|0x00000000c3200000, 0x00000000c3300000, 0x00000000c3300000|100%|HS|  |TAMS 0x00000000c3300000, 0x00000000c3300000| Complete 
|   1|0x00000000c3300000, 0x00000000c3400000, 0x00000000c3400000|100%| O|  |TAMS 0x00000000c3400000, 0x00000000c3400000| Untracked 
|   2|0x00000000c3400000, 0x00000000c3500000, 0x00000000c3500000|100%| O|  |TAMS 0x00000000c3500000, 0x00000000c3500000| Untracked 
|   3|0x00000000c3500000, 0x00000000c3600000, 0x00000000c3600000|100%| O|  |TAMS 0x00000000c3600000, 0x00000000c3600000| Untracked 
|   4|0x00000000c3600000, 0x00000000c3700000, 0x00000000c3700000|100%| O|  |TAMS 0x00000000c3700000, 0x00000000c3700000| Untracked 
|   5|0x00000000c3700000, 0x00000000c3800000, 0x00000000c3800000|100%| O|  |TAMS 0x00000000c3800000, 0x00000000c3800000| Untracked 
|   6|0x00000000c3800000, 0x00000000c3900000, 0x00000000c3900000|100%| O|  |TAMS 0x00000000c3900000, 0x00000000c3900000| Untracked 
|   7|0x00000000c3900000, 0x00000000c3967000, 0x00000000c3a00000| 40%| O|  |TAMS 0x00000000c3967000, 0x00000000c3967000| Untracked 
|   8|0x00000000c3a00000, 0x00000000c3b00000, 0x00000000c3b00000|100%| O|  |TAMS 0x00000000c3a00000, 0x00000000c3b00000| Untracked 
|   9|0x00000000c3b00000, 0x00000000c3c00000, 0x00000000c3c00000|100%| O|  |TAMS 0x00000000c3b00000, 0x00000000c3c00000| Untracked 
|  10|0x00000000c3c00000, 0x00000000c3d00000, 0x00000000c3d00000|100%| O|  |TAMS 0x00000000c3c00000, 0x00000000c3d00000| Untracked 
|  11|0x00000000c3d00000, 0x00000000c3e00000, 0x00000000c3e00000|100%| O|  |TAMS 0x00000000c3d00000, 0x00000000c3e00000| Untracked 
|  12|0x00000000c3e00000, 0x00000000c3f00000, 0x00000000c3f00000|100%| O|  |TAMS 0x00000000c3e00000, 0x00000000c3f00000| Untracked 
|  13|0x00000000c3f00000, 0x00000000c4000000, 0x00000000c4000000|100%| O|  |TAMS 0x00000000c3f00000, 0x00000000c3ff7e00| Untracked 
|  14|0x00000000c4000000, 0x00000000c4100000, 0x00000000c4100000|100%| O|  |TAMS 0x00000000c4000000, 0x00000000c4000000| Untracked 
|  15|0x00000000c4100000, 0x00000000c4135000, 0x00000000c4200000| 20%| O|  |TAMS 0x00000000c4100000, 0x00000000c4100000| Untracked 
|  16|0x00000000c4200000, 0x00000000c4200000, 0x00000000c4300000|  0%| F|  |TAMS 0x00000000c4200000, 0x00000000c4200000| Untracked 
|  17|0x00000000c4300000, 0x00000000c4300000, 0x00000000c4400000|  0%| F|  |TAMS 0x00000000c4300000, 0x00000000c4300000| Untracked 
|  18|0x00000000c4400000, 0x00000000c4400000, 0x00000000c4500000|  0%| F|  |TAMS 0x00000000c4400000, 0x00000000c4400000| Untracked 
|  19|0x00000000c4500000, 0x00000000c4500000, 0x00000000c4600000|  0%| F|  |TAMS 0x00000000c4500000, 0x00000000c4500000| Untracked 
|  20|0x00000000c4600000, 0x00000000c4600000, 0x00000000c4700000|  0%| F|  |TAMS 0x00000000c4600000, 0x00000000c4600000| Untracked 
|  21|0x00000000c4700000, 0x00000000c4700000, 0x00000000c4800000|  0%| F|  |TAMS 0x00000000c4700000, 0x00000000c4700000| Untracked 
|  22|0x00000000c4800000, 0x00000000c4800000, 0x00000000c4900000|  0%| F|  |TAMS 0x00000000c4800000, 0x00000000c4800000| Untracked 
|  23|0x00000000c4900000, 0x00000000c4900000, 0x00000000c4a00000|  0%| F|  |TAMS 0x00000000c4900000, 0x00000000c4900000| Untracked 
|  24|0x00000000c4a00000, 0x00000000c4a00000, 0x00000000c4b00000|  0%| F|  |TAMS 0x00000000c4a00000, 0x00000000c4a00000| Untracked 
|  25|0x00000000c4b00000, 0x00000000c4b00000, 0x00000000c4c00000|  0%| F|  |TAMS 0x00000000c4b00000, 0x00000000c4b00000| Untracked 
|  26|0x00000000c4c00000, 0x00000000c4c00000, 0x00000000c4d00000|  0%| F|  |TAMS 0x00000000c4c00000, 0x00000000c4c00000| Untracked 
|  27|0x00000000c4d00000, 0x00000000c4d00000, 0x00000000c4e00000|  0%| F|  |TAMS 0x00000000c4d00000, 0x00000000c4d00000| Untracked 
|  28|0x00000000c4e00000, 0x00000000c4e00000, 0x00000000c4f00000|  0%| F|  |TAMS 0x00000000c4e00000, 0x00000000c4e00000| Untracked 
|  29|0x00000000c4f00000, 0x00000000c4f00000, 0x00000000c5000000|  0%| F|  |TAMS 0x00000000c4f00000, 0x00000000c4f00000| Untracked 
|  30|0x00000000c5000000, 0x00000000c5000000, 0x00000000c5100000|  0%| F|  |TAMS 0x00000000c5000000, 0x00000000c5000000| Untracked 
|  31|0x00000000c5100000, 0x00000000c5100000, 0x00000000c5200000|  0%| F|  |TAMS 0x00000000c5100000, 0x00000000c5100000| Untracked 
|  32|0x00000000c5200000, 0x00000000c5200000, 0x00000000c5300000|  0%| F|  |TAMS 0x00000000c5200000, 0x00000000c5200000| Untracked 
|  33|0x00000000c5300000, 0x00000000c5300000, 0x00000000c5400000|  0%| F|  |TAMS 0x00000000c5300000, 0x00000000c5300000| Untracked 
|  34|0x00000000c5400000, 0x00000000c5400000, 0x00000000c5500000|  0%| F|  |TAMS 0x00000000c5400000, 0x00000000c5400000| Untracked 
|  35|0x00000000c5500000, 0x00000000c5500000, 0x00000000c5600000|  0%| F|  |TAMS 0x00000000c5500000, 0x00000000c5500000| Untracked 
|  36|0x00000000c5600000, 0x00000000c567d160, 0x00000000c5700000| 48%| S|CS|TAMS 0x00000000c5600000, 0x00000000c5600000| Complete 
|  37|0x00000000c5700000, 0x00000000c5800000, 0x00000000c5800000|100%| S|CS|TAMS 0x00000000c5700000, 0x00000000c5700000| Complete 
|  38|0x00000000c5800000, 0x00000000c5900000, 0x00000000c5900000|100%| S|CS|TAMS 0x00000000c5800000, 0x00000000c5800000| Complete 
|  39|0x00000000c5900000, 0x00000000c5900000, 0x00000000c5a00000|  0%| F|  |TAMS 0x00000000c5900000, 0x00000000c5900000| Untracked 
|  40|0x00000000c5a00000, 0x00000000c5a00000, 0x00000000c5b00000|  0%| F|  |TAMS 0x00000000c5a00000, 0x00000000c5a00000| Untracked 
|  41|0x00000000c5b00000, 0x00000000c5b00000, 0x00000000c5c00000|  0%| F|  |TAMS 0x00000000c5b00000, 0x00000000c5b00000| Untracked 
|  42|0x00000000c5c00000, 0x00000000c5c00000, 0x00000000c5d00000|  0%| F|  |TAMS 0x00000000c5c00000, 0x00000000c5c00000| Untracked 
|  43|0x00000000c5d00000, 0x00000000c5d00000, 0x00000000c5e00000|  0%| F|  |TAMS 0x00000000c5d00000, 0x00000000c5d00000| Untracked 
|  52|0x00000000c6600000, 0x00000000c6600000, 0x00000000c6700000|  0%| F|  |TAMS 0x00000000c6600000, 0x00000000c6600000| Untracked 
|  53|0x00000000c6700000, 0x00000000c6700000, 0x00000000c6800000|  0%| F|  |TAMS 0x00000000c6700000, 0x00000000c6700000| Untracked 
|  54|0x00000000c6800000, 0x00000000c685eae8, 0x00000000c6900000| 36%| E|  |TAMS 0x00000000c6800000, 0x00000000c6800000| Complete 
|  61|0x00000000c6f00000, 0x00000000c7000000, 0x00000000c7000000|100%| E|CS|TAMS 0x00000000c6f00000, 0x00000000c6f00000| Complete 

Card table byte_map: [0x000002aaecab0000,0x000002aaecca0000] _byte_map_base: 0x000002aaec497000

Marking Bits (Prev, Next): (CMBitMap*) 0x000002aae6435b50, (CMBitMap*) 0x000002aae6435b10
 Prev Bits: [0x000002aaeddd0000, 0x000002aaeed08000)
 Next Bits: [0x000002aaece90000, 0x000002aaeddc8000)

Polling page: 0x000002aae4590000

Metaspace:

Usage:
  Non-class:     30.85 MB used.
      Class:      4.50 MB used.
       Both:     35.35 MB used.

Virtual space:
  Non-class space:       64.00 MB reserved,      31.06 MB ( 49%) committed,  1 nodes.
      Class space:        1.00 GB reserved,       4.69 MB ( <1%) committed,  1 nodes.
             Both:        1.06 GB reserved,      35.75 MB (  3%) committed. 

Chunk freelists:
   Non-Class:  16.00 MB
       Class:  11.28 MB
        Both:  27.28 MB

MaxMetaspaceSize: unlimited
CompressedClassSpaceSize: 1.00 GB
Initial GC threshold: 21.00 MB
Current GC threshold: 35.75 MB
CDS: off
MetaspaceReclaimPolicy: balanced
 - commit_granule_bytes: 65536.
 - commit_granule_words: 8192.
 - virtual_space_node_default_size: 8388608.
 - enlarge_chunks_in_place: 1.
 - new_chunks_are_fully_committed: 0.
 - uncommit_free_chunks: 1.
 - use_allocation_guard: 0.
 - handle_deallocations: 1.


Internal statistics:

num_allocs_failed_limit: 10.
num_arena_births: 504.
num_arena_deaths: 0.
num_vsnodes_births: 2.
num_vsnodes_deaths: 0.
num_space_committed: 572.
num_space_uncommitted: 0.
num_chunks_returned_to_freelist: 10.
num_chunks_taken_from_freelist: 1458.
num_chunk_merges: 10.
num_chunk_splits: 980.
num_chunks_enlarged: 684.
num_inconsistent_stats: 0.

CodeCache: size=49152Kb used=6706Kb max_used=7675Kb free=42445Kb
 bounds [0x000002aae9ab0000, 0x000002aaea230000, 0x000002aaecab0000]
 total_blobs=4083 nmethods=3570 adapters=441
 compilation: enabled
              stopped_count=0, restarted_count=0
 full_count=0

Compilation events (20 events):
Event: 8.680 Thread 0x000002aaf1206360 3555       1       org.springframework.boot.context.properties.bind.Binder$Context::getSources (20 bytes)
Event: 8.680 Thread 0x000002aaf1206360 nmethod 3555 0x000002aae9cd0090 code [0x000002aae9cd0220, 0x000002aae9cd0338]
Event: 8.680 Thread 0x000002aaf1206360 3556       1       org.springframework.boot.context.properties.bind.Bindable::getAnnotations (5 bytes)
Event: 8.680 Thread 0x000002aaf1206360 nmethod 3556 0x000002aae9ccfd90 code [0x000002aae9ccff20, 0x000002aae9ccfff8]
Event: 8.680 Thread 0x000002aaf1206360 3558       1       org.springframework.beans.factory.config.BeanPostProcessor::postProcessAfterInitialization (2 bytes)
Event: 8.680 Thread 0x000002aaf1206360 nmethod 3558 0x000002aae9ccfa90 code [0x000002aae9ccfc20, 0x000002aae9ccfcf8]
Event: 8.686 Thread 0x000002aaf1206360 3559       1       org.springframework.core.annotation.AnnotationUtils::isCandidateClass (22 bytes)
Event: 8.686 Thread 0x000002aaf1206360 nmethod 3559 0x000002aae9ccf510 code [0x000002aae9ccf6e0, 0x000002aae9ccf8e8]
Event: 8.715 Thread 0x000002aaf1206360 3560       1       sun.net.www.protocol.jar.Handler::openConnection (10 bytes)
Event: 8.715 Thread 0x000002aaf1206360 nmethod 3560 0x000002aae9ccf190 code [0x000002aae9ccf320, 0x000002aae9ccf468]
Event: 8.715 Thread 0x000002aaf1206360 3561       1       sun.net.www.protocol.jar.JarURLConnection::<init> (44 bytes)
Event: 8.716 Thread 0x000002aaf1206360 nmethod 3561 0x000002aae9ccec10 code [0x000002aae9ccede0, 0x000002aae9ccf078]
Event: 8.716 Thread 0x000002aaf1206360 3562       1       java.net.JarURLConnection::<init> (11 bytes)
Event: 8.716 Thread 0x000002aaf1206360 nmethod 3562 0x000002aae9cce890 code [0x000002aae9ccea40, 0x000002aae9cceb58]
Event: 8.716 Thread 0x000002aaf1206360 3563       1       java.net.JarURLConnection::parseSpecs (134 bytes)
Event: 8.717 Thread 0x000002aaf1206360 nmethod 3563 0x000002aae9ccda90 code [0x000002aae9ccdd00, 0x000002aae9cce508]
Event: 8.717 Thread 0x000002aaf1206360 3564       1       sun.net.www.protocol.jar.JarURLConnection::getInputStream (97 bytes)
Event: 8.718 Thread 0x000002aaf1206360 nmethod 3564 0x000002aae9cccf10 code [0x000002aae9ccd140, 0x000002aae9ccd768]
Event: 8.718 Thread 0x000002aaf1206360 3565   !   1       sun.net.www.protocol.jar.JarURLConnection::connect (196 bytes)
Event: 8.719 Thread 0x000002aaf1206360 nmethod 3565 0x000002aae9ccc110 code [0x000002aae9ccc3a0, 0x000002aae9cccb68]

GC Heap History (20 events):
Event: 2.036 GC heap before
{Heap before GC invocations=0 (full 0):
 garbage-first heap   total 63488K, used 14336K [0x00000000c3200000, 0x0000000100000000)
  region size 1024K, 13 young (13312K), 0 survivors (0K)
 Metaspace       used 13416K, committed 13632K, reserved 1114112K
  class space    used 1367K, committed 1472K, reserved 1048576K
}
Event: 2.050 GC heap after
{Heap after GC invocations=1 (full 0):
 garbage-first heap   total 63488K, used 7216K [0x00000000c3200000, 0x0000000100000000)
  region size 1024K, 2 young (2048K), 2 survivors (2048K)
 Metaspace       used 13416K, committed 13632K, reserved 1114112K
  class space    used 1367K, committed 1472K, reserved 1048576K
}
Event: 2.408 GC heap before
{Heap before GC invocations=1 (full 0):
 garbage-first heap   total 63488K, used 12336K [0x00000000c3200000, 0x0000000100000000)
  region size 1024K, 8 young (8192K), 2 survivors (2048K)
 Metaspace       used 15624K, committed 15808K, reserved 1114112K
  class space    used 1648K, committed 1728K, reserved 1048576K
}
Event: 2.413 GC heap after
{Heap after GC invocations=2 (full 0):
 garbage-first heap   total 63488K, used 8160K [0x00000000c3200000, 0x0000000100000000)
  region size 1024K, 1 young (1024K), 1 survivors (1024K)
 Metaspace       used 15624K, committed 15808K, reserved 1114112K
  class space    used 1648K, committed 1728K, reserved 1048576K
}
Event: 3.326 GC heap before
{Heap before GC invocations=2 (full 0):
 garbage-first heap   total 63488K, used 27616K [0x00000000c3200000, 0x0000000100000000)
  region size 1024K, 20 young (20480K), 1 survivors (1024K)
 Metaspace       used 19492K, committed 19776K, reserved 1114112K
  class space    used 2257K, committed 2368K, reserved 1048576K
}
Event: 3.331 GC heap after
{Heap after GC invocations=3 (full 0):
 garbage-first heap   total 63488K, used 9528K [0x00000000c3200000, 0x0000000100000000)
  region size 1024K, 2 young (2048K), 2 survivors (2048K)
 Metaspace       used 19492K, committed 19776K, reserved 1114112K
  class space    used 2257K, committed 2368K, reserved 1048576K
}
Event: 3.412 GC heap before
{Heap before GC invocations=3 (full 0):
 garbage-first heap   total 63488K, used 14648K [0x00000000c3200000, 0x0000000100000000)
  region size 1024K, 9 young (9216K), 2 survivors (2048K)
 Metaspace       used 21290K, committed 21504K, reserved 1114112K
  class space    used 2445K, committed 2560K, reserved 1048576K
}
Event: 3.416 GC heap after
{Heap after GC invocations=4 (full 0):
 garbage-first heap   total 63488K, used 9706K [0x00000000c3200000, 0x0000000100000000)
  region size 1024K, 3 young (3072K), 3 survivors (3072K)
 Metaspace       used 21290K, committed 21504K, reserved 1114112K
  class space    used 2445K, committed 2560K, reserved 1048576K
}
Event: 4.024 GC heap before
{Heap before GC invocations=5 (full 0):
 garbage-first heap   total 40960K, used 30186K [0x00000000c3200000, 0x0000000100000000)
  region size 1024K, 25 young (25600K), 3 survivors (3072K)
 Metaspace       used 26248K, committed 26560K, reserved 1114112K
  class space    used 3129K, committed 3264K, reserved 1048576K
}
Event: 4.035 GC heap after
{Heap after GC invocations=6 (full 0):
 garbage-first heap   total 40960K, used 11165K [0x00000000c3200000, 0x0000000100000000)
  region size 1024K, 4 young (4096K), 4 survivors (4096K)
 Metaspace       used 26248K, committed 26560K, reserved 1114112K
  class space    used 3129K, committed 3264K, reserved 1048576K
}
Event: 5.009 GC heap before
{Heap before GC invocations=6 (full 0):
 garbage-first heap   total 40960K, used 26525K [0x00000000c3200000, 0x0000000100000000)
  region size 1024K, 20 young (20480K), 4 survivors (4096K)
 Metaspace       used 27862K, committed 28096K, reserved 1114112K
  class space    used 3336K, committed 3456K, reserved 1048576K
}
Event: 5.025 GC heap after
{Heap after GC invocations=7 (full 0):
 garbage-first heap   total 40960K, used 12885K [0x00000000c3200000, 0x0000000100000000)
  region size 1024K, 3 young (3072K), 3 survivors (3072K)
 Metaspace       used 27862K, committed 28096K, reserved 1114112K
  class space    used 3336K, committed 3456K, reserved 1048576K
}
Event: 6.147 GC heap before
{Heap before GC invocations=7 (full 0):
 garbage-first heap   total 40960K, used 27221K [0x00000000c3200000, 0x0000000100000000)
  region size 1024K, 18 young (18432K), 3 survivors (3072K)
 Metaspace       used 29472K, committed 29824K, reserved 1114112K
  class space    used 3595K, committed 3776K, reserved 1048576K
}
Event: 6.155 GC heap after
{Heap after GC invocations=8 (full 0):
 garbage-first heap   total 40960K, used 13995K [0x00000000c3200000, 0x0000000100000000)
  region size 1024K, 3 young (3072K), 3 survivors (3072K)
 Metaspace       used 29472K, committed 29824K, reserved 1114112K
  class space    used 3595K, committed 3776K, reserved 1048576K
}
Event: 6.909 GC heap before
{Heap before GC invocations=8 (full 0):
 garbage-first heap   total 40960K, used 29355K [0x00000000c3200000, 0x0000000100000000)
  region size 1024K, 18 young (18432K), 3 survivors (3072K)
 Metaspace       used 31391K, committed 31744K, reserved 1114112K
  class space    used 3893K, committed 4032K, reserved 1048576K
}
Event: 6.917 GC heap after
{Heap after GC invocations=9 (full 0):
 garbage-first heap   total 40960K, used 15007K [0x00000000c3200000, 0x0000000100000000)
  region size 1024K, 3 young (3072K), 3 survivors (3072K)
 Metaspace       used 31391K, committed 31744K, reserved 1114112K
  class space    used 3893K, committed 4032K, reserved 1048576K
}
Event: 7.389 GC heap before
{Heap before GC invocations=9 (full 0):
 garbage-first heap   total 40960K, used 29343K [0x00000000c3200000, 0x0000000100000000)
  region size 1024K, 17 young (17408K), 3 survivors (3072K)
 Metaspace       used 34780K, committed 35200K, reserved 1114112K
  class space    used 4375K, committed 4544K, reserved 1048576K
}
Event: 7.397 GC heap after
{Heap after GC invocations=10 (full 0):
 garbage-first heap   total 49152K, used 16429K [0x00000000c3200000, 0x0000000100000000)
  region size 1024K, 3 young (3072K), 3 survivors (3072K)
 Metaspace       used 34780K, committed 35200K, reserved 1114112K
  class space    used 4375K, committed 4544K, reserved 1048576K
}
Event: 8.697 GC heap before
{Heap before GC invocations=10 (full 0):
 garbage-first heap   total 49152K, used 24621K [0x00000000c3200000, 0x0000000100000000)
  region size 1024K, 12 young (12288K), 3 survivors (3072K)
 Metaspace       used 35941K, committed 36288K, reserved 1114112K
  class space    used 4580K, committed 4736K, reserved 1048576K
}
Event: 8.706 GC heap after
{Heap after GC invocations=11 (full 0):
 garbage-first heap   total 49152K, used 17508K [0x00000000c3200000, 0x0000000100000000)
  region size 1024K, 3 young (3072K), 3 survivors (3072K)
 Metaspace       used 35941K, committed 36288K, reserved 1114112K
  class space    used 4580K, committed 4736K, reserved 1048576K
}

Dll operation events (7 events):
Event: 0.191 Loaded shared library C:\Users\ramesh\Downloads\sts-4.19.0.RELEASE\plugins\org.eclipse.justj.openjdk.hotspot.jre.full.win32.x86_64_17.0.7.v20230425-1502\jre\bin\java.dll
Event: 0.482 Loaded shared library C:\Users\ramesh\Downloads\sts-4.19.0.RELEASE\plugins\org.eclipse.justj.openjdk.hotspot.jre.full.win32.x86_64_17.0.7.v20230425-1502\jre\bin\jimage.dll
Event: 0.504 Loaded shared library C:\Users\ramesh\Downloads\sts-4.19.0.RELEASE\plugins\org.eclipse.justj.openjdk.hotspot.jre.full.win32.x86_64_17.0.7.v20230425-1502\jre\bin\net.dll
Event: 0.593 Loaded shared library C:\Users\ramesh\Downloads\sts-4.19.0.RELEASE\plugins\org.eclipse.justj.openjdk.hotspot.jre.full.win32.x86_64_17.0.7.v20230425-1502\jre\bin\nio.dll
Event: 0.611 Loaded shared library C:\Users\ramesh\Downloads\sts-4.19.0.RELEASE\plugins\org.eclipse.justj.openjdk.hotspot.jre.full.win32.x86_64_17.0.7.v20230425-1502\jre\bin\zip.dll
Event: 0.728 Loaded shared library C:\Users\ramesh\Downloads\sts-4.19.0.RELEASE\plugins\org.eclipse.justj.openjdk.hotspot.jre.full.win32.x86_64_17.0.7.v20230425-1502\jre\bin\management.dll
Event: 0.754 Loaded shared library C:\Users\ramesh\Downloads\sts-4.19.0.RELEASE\plugins\org.eclipse.justj.openjdk.hotspot.jre.full.win32.x86_64_17.0.7.v20230425-1502\jre\bin\management_ext.dll

Deoptimization events (2 events):
Event: 3.586 Thread 0x000002aae43fdfd0 DEOPT PACKING pc=0x000002aae9fdf919 sp=0x000000dba68fd0f0
Event: 3.586 Thread 0x000002aae43fdfd0 DEOPT UNPACKING pc=0x000002aae9b07124 sp=0x000000dba68fc5d0 mode 3

Classes unloaded (0 events):
No events

Classes redefined (0 events):
No events

Internal exceptions (20 events):
Event: 6.974 Thread 0x000002aae43fdfd0 Exception <a 'java/lang/NoSuchMethodError'{0x00000000c6739cd0}: 'int java.lang.invoke.Invokers$Holder.linkToTargetMethod(java.lang.Object, java.lang.Object, java.lang.Object)'> (0x00000000c6739cd0) 
thrown [s\src\hotspot\share\interpreter\linkResolver.cpp, line 759]
Event: 7.045 Thread 0x000002aae43fdfd0 Exception <a 'java/lang/NoClassDefFoundError'{0x00000000c559b528}: org/flywaydb/core/Flyway> (0x00000000c559b528) 
thrown [s\src\hotspot\share\classfile\systemDictionary.cpp, line 245]
Event: 7.045 Thread 0x000002aae43fdfd0 Exception <a 'java/lang/NoClassDefFoundError'{0x00000000c559d548}: liquibase/integration/spring/SpringLiquibase> (0x00000000c559d548) 
thrown [s\src\hotspot\share\classfile\systemDictionary.cpp, line 245]
Event: 7.046 Thread 0x000002aaf1c98350 Exception <a 'java/lang/reflect/InvocationTargetException'{0x00000000c55c6350}> (0x00000000c55c6350) 
thrown [s\src\hotspot\share\runtime\reflection.cpp, line 1121]
Event: 7.101 Thread 0x000002aae43fdfd0 Exception <a 'java/lang/NoClassDefFoundError'{0x00000000c526b440}: org/jooq/DSLContext> (0x00000000c526b440) 
thrown [s\src\hotspot\share\classfile\systemDictionary.cpp, line 245]
Event: 7.102 Thread 0x000002aae43fdfd0 Exception <a 'java/lang/NoClassDefFoundError'{0x00000000c527bdc8}: org/springframework/batch/core/repository/JobRepository> (0x00000000c527bdc8) 
thrown [s\src\hotspot\share\classfile\systemDictionary.cpp, line 245]
Event: 7.103 Thread 0x000002aae43fdfd0 Exception <a 'java/lang/NoClassDefFoundError'{0x00000000c527db78}: org/quartz/Scheduler> (0x00000000c527db78) 
thrown [s\src\hotspot\share\classfile\systemDictionary.cpp, line 245]
Event: 7.103 Thread 0x000002aae43fdfd0 Exception <a 'java/lang/NoClassDefFoundError'{0x00000000c527fda0}: org/springframework/session/jdbc/JdbcIndexedSessionRepository> (0x00000000c527fda0) 
thrown [s\src\hotspot\share\classfile\systemDictionary.cpp, line 245]
Event: 7.137 Thread 0x000002aae43fdfd0 Exception <a 'java/lang/NoSuchMethodError'{0x00000000c51aee08}: 'void java.lang.invoke.DirectMethodHandle$Holder.invokeSpecial(java.lang.Object, java.lang.Object, java.lang.Object, java.lang.Object, java.lang.Object, java.lang.Object)'> (0x00000000c51aee08) 
thrown [s\src\hotspot\share\interpreter\linkResolver.cpp, line 759]
Event: 7.601 Thread 0x000002aaf1c98350 Exception <a 'java/lang/reflect/InvocationTargetException'{0x00000000c6fbce48}> (0x00000000c6fbce48) 
thrown [s\src\hotspot\share\runtime\reflection.cpp, line 1121]
Event: 8.107 Thread 0x000002aaf1c98350 Exception <a 'java/lang/reflect/InvocationTargetException'{0x00000000c6fc1320}> (0x00000000c6fc1320) 
thrown [s\src\hotspot\share\runtime\reflection.cpp, line 1121]
Event: 8.488 Thread 0x000002aae43fdfd0 Exception <a 'java/lang/NoSuchMethodError'{0x00000000c66ed988}: 'void java.lang.invoke.DirectMethodHandle$Holder.invokeInterface(java.lang.Object, java.lang.Object, int)'> (0x00000000c66ed988) 
thrown [s\src\hotspot\share\interpreter\linkResolver.cpp, line 759]
Event: 8.494 Thread 0x000002aae43fdfd0 Exception <a 'java/lang/IncompatibleClassChangeError'{0x00000000c5d3d6c8}: Found class java.lang.Object, but interface was expected> (0x00000000c5d3d6c8) 
thrown [s\src\hotspot\share\interpreter\linkResolver.cpp, line 826]
Event: 8.496 Thread 0x000002aae43fdfd0 Exception <a 'java/lang/NoSuchMethodError'{0x00000000c5d56108}: 'void java.lang.invoke.DirectMethodHandle$Holder.invokeStatic(java.lang.Object, int, java.lang.Object)'> (0x00000000c5d56108) 
thrown [s\src\hotspot\share\interpreter\linkResolver.cpp, line 759]
Event: 8.501 Thread 0x000002aae43fdfd0 Exception <a 'java/lang/NoSuchMethodError'{0x00000000c5d92578}: 'void java.lang.invoke.DirectMethodHandle$Holder.invokeVirtual(java.lang.Object, java.lang.Object, int)'> (0x00000000c5d92578) 
thrown [s\src\hotspot\share\interpreter\linkResolver.cpp, line 759]
Event: 8.501 Thread 0x000002aae43fdfd0 Exception <a 'java/lang/NoSuchMethodError'{0x00000000c5d987c0}: 'void java.lang.invoke.DirectMethodHandle$Holder.invokeStatic(java.lang.Object, java.lang.Object, java.lang.Object, int, java.lang.Object)'> (0x00000000c5d987c0) 
thrown [s\src\hotspot\share\interpreter\linkResolver.cpp, line 759]
Event: 8.502 Thread 0x000002aae43fdfd0 Exception <a 'java/lang/NoSuchMethodError'{0x00000000c5d9fcc8}: 'java.lang.Object java.lang.invoke.DirectMethodHandle$Holder.newInvokeSpecial(java.lang.Object, java.lang.Object, java.lang.Object, int)'> (0x00000000c5d9fcc8) 
thrown [s\src\hotspot\share\interpreter\linkResolver.cpp, line 759]
Event: 8.502 Thread 0x000002aae43fdfd0 Exception <a 'java/lang/NoSuchMethodError'{0x00000000c5da3fb0}: 'java.lang.Object java.lang.invoke.DirectMethodHandle$Holder.invokeSpecial(java.lang.Object, java.lang.Object, java.lang.Object, java.lang.Object, int)'> (0x00000000c5da3fb0) 
thrown [s\src\hotspot\share\interpreter\linkResolver.cpp, line 759]
Event: 8.502 Thread 0x000002aae43fdfd0 Exception <a 'java/lang/NoSuchMethodError'{0x00000000c5da7b78}: 'java.lang.Object java.lang.invoke.Invokers$Holder.linkToTargetMethod(java.lang.Object, java.lang.Object, int, java.lang.Object)'> (0x00000000c5da7b78) 
thrown [s\src\hotspot\share\interpreter\linkResolver.cpp, line 759]
Event: 8.662 Thread 0x000002aaf1c98350 Exception <a 'java/lang/reflect/InvocationTargetException'{0x00000000c5a017f0}> (0x00000000c5a017f0) 
thrown [s\src\hotspot\share\runtime\reflection.cpp, line 1121]

VM Operations (20 events):
Event: 6.147 Executing VM operation: G1CollectForAllocation
Event: 6.155 Executing VM operation: G1CollectForAllocation done
Event: 6.711 Executing VM operation: HandshakeAllThreads
Event: 6.711 Executing VM operation: HandshakeAllThreads done
Event: 6.908 Executing VM operation: G1CollectForAllocation
Event: 6.917 Executing VM operation: G1CollectForAllocation done
Event: 6.955 Executing VM operation: HandshakeAllThreads
Event: 6.955 Executing VM operation: HandshakeAllThreads done
Event: 7.091 Executing VM operation: HandshakeAllThreads
Event: 7.091 Executing VM operation: HandshakeAllThreads done
Event: 7.141 Executing VM operation: HandshakeAllThreads
Event: 7.141 Executing VM operation: HandshakeAllThreads done
Event: 7.161 Executing VM operation: HandshakeAllThreads
Event: 7.161 Executing VM operation: HandshakeAllThreads done
Event: 7.389 Executing VM operation: G1CollectForAllocation
Event: 7.397 Executing VM operation: G1CollectForAllocation done
Event: 8.406 Executing VM operation: Cleanup
Event: 8.406 Executing VM operation: Cleanup done
Event: 8.697 Executing VM operation: CollectForMetadataAllocation
Event: 8.706 Executing VM operation: CollectForMetadataAllocation done

Events (20 events):
Event: 8.696 loading class java/util/concurrent/locks/ReentrantReadWriteLock$NonfairSync
Event: 8.696 loading class java/util/concurrent/locks/ReentrantReadWriteLock$NonfairSync done
Event: 8.716 loading class java/net/UnixDomainSocketAddress
Event: 8.716 loading class java/net/UnixDomainSocketAddress done
Event: 8.716 loading class java/nio/channels/ServerSocketChannel
Event: 8.716 loading class java/nio/channels/NetworkChannel
Event: 8.716 loading class java/nio/channels/NetworkChannel done
Event: 8.716 loading class java/nio/channels/spi/AbstractSelectableChannel
Event: 8.716 loading class java/nio/channels/spi/AbstractSelectableChannel done
Event: 8.716 loading class java/nio/channels/ServerSocketChannel done
Event: 8.717 loading class java/nio/channels/SocketChannel
Event: 8.717 loading class java/nio/channels/SocketChannel done
Event: 8.717 loading class java/lang/WrongThreadException
Event: 8.717 loading class java/lang/WrongThreadException done
Event: 8.717 loading class java/lang/Thread$Builder
Event: 8.717 loading class java/lang/Thread$Builder done
Event: 8.719 loading class java/nio/file/TempFileHelper
Event: 8.719 loading class java/nio/file/TempFileHelper done
Event: 8.720 loading class sun/nio/fs/WindowsPath$1
Event: 8.720 loading class sun/nio/fs/WindowsPath$1 done


Dynamic libraries:
0x00007ff716cb0000 - 0x00007ff716cbe000 	C:\Users\ramesh\Downloads\sts-4.19.0.RELEASE\plugins\org.eclipse.justj.openjdk.hotspot.jre.full.win32.x86_64_17.0.7.v20230425-1502\jre\bin\javaw.exe
0x00007ffa2dab0000 - 0x00007ffa2dca5000 	C:\WINDOWS\SYSTEM32\ntdll.dll
0x00007ffa2bc10000 - 0x00007ffa2bcce000 	C:\WINDOWS\System32\KERNEL32.DLL
0x00007ffa2b6b0000 - 0x00007ffa2b978000 	C:\WINDOWS\System32\KERNELBASE.dll
0x00007ffa2b5b0000 - 0x00007ffa2b6b0000 	C:\WINDOWS\System32\ucrtbase.dll
0x00007ffa1ecd0000 - 0x00007ffa1ece7000 	C:\Users\ramesh\Downloads\sts-4.19.0.RELEASE\plugins\org.eclipse.justj.openjdk.hotspot.jre.full.win32.x86_64_17.0.7.v20230425-1502\jre\bin\jli.dll
0x00007ffa2c7f0000 - 0x00007ffa2c990000 	C:\WINDOWS\System32\USER32.dll
0x00007ffa2b580000 - 0x00007ffa2b5a2000 	C:\WINDOWS\System32\win32u.dll
0x00007ffa15270000 - 0x00007ffa1550a000 	C:\WINDOWS\WinSxS\amd64_microsoft.windows.common-controls_6595b64144ccf1df_6.0.19041.1110_none_60b5254171f9507e\COMCTL32.dll
0x00007ffa2c070000 - 0x00007ffa2c09b000 	C:\WINDOWS\System32\GDI32.dll
0x00007ffa2cce0000 - 0x00007ffa2cd7e000 	C:\WINDOWS\System32\msvcrt.dll
0x00007ffa2ba50000 - 0x00007ffa2bb5d000 	C:\WINDOWS\System32\gdi32full.dll
0x00007ffa2b980000 - 0x00007ffa2ba1d000 	C:\WINDOWS\System32\msvcp_win.dll
0x00007ffa1eca0000 - 0x00007ffa1ecb9000 	C:\Users\ramesh\Downloads\sts-4.19.0.RELEASE\plugins\org.eclipse.justj.openjdk.hotspot.jre.full.win32.x86_64_17.0.7.v20230425-1502\jre\bin\VCRUNTIME140.dll
0x00007ffa2bec0000 - 0x00007ffa2bef0000 	C:\WINDOWS\System32\IMM32.DLL
0x00007ffa24640000 - 0x00007ffa2464c000 	C:\Users\ramesh\Downloads\sts-4.19.0.RELEASE\plugins\org.eclipse.justj.openjdk.hotspot.jre.full.win32.x86_64_17.0.7.v20230425-1502\jre\bin\vcruntime140_1.dll
0x00007ff9f24d0000 - 0x00007ff9f2561000 	C:\Users\ramesh\Downloads\sts-4.19.0.RELEASE\plugins\org.eclipse.justj.openjdk.hotspot.jre.full.win32.x86_64_17.0.7.v20230425-1502\jre\bin\msvcp140.dll
0x00007ff9f2570000 - 0x00007ff9f31b8000 	C:\Users\ramesh\Downloads\sts-4.19.0.RELEASE\plugins\org.eclipse.justj.openjdk.hotspot.jre.full.win32.x86_64_17.0.7.v20230425-1502\jre\bin\server\jvm.dll
0x00007ffa2d470000 - 0x00007ffa2d51e000 	C:\WINDOWS\System32\ADVAPI32.dll
0x00007ffa2bef0000 - 0x00007ffa2bf8c000 	C:\WINDOWS\System32\sechost.dll
0x00007ffa2d880000 - 0x00007ffa2d9a5000 	C:\WINDOWS\System32\RPCRT4.dll
0x00007ffa1c750000 - 0x00007ffa1c75a000 	C:\WINDOWS\SYSTEM32\VERSION.dll
0x00007ffa1d670000 - 0x00007ffa1d697000 	C:\WINDOWS\SYSTEM32\WINMM.dll
0x00007ffa26d30000 - 0x00007ffa26d39000 	C:\WINDOWS\SYSTEM32\WSOCK32.dll
0x00007ffa2be50000 - 0x00007ffa2bebb000 	C:\WINDOWS\System32\WS2_32.dll
0x00007ffa29130000 - 0x00007ffa29142000 	C:\WINDOWS\SYSTEM32\kernel.appcore.dll
0x00007ffa26c60000 - 0x00007ffa26c6a000 	C:\Users\ramesh\Downloads\sts-4.19.0.RELEASE\plugins\org.eclipse.justj.openjdk.hotspot.jre.full.win32.x86_64_17.0.7.v20230425-1502\jre\bin\jimage.dll
0x00007ffa1b740000 - 0x00007ffa1b924000 	C:\WINDOWS\SYSTEM32\DBGHELP.DLL
0x00007ffa1b000000 - 0x00007ffa1b02c000 	C:\WINDOWS\SYSTEM32\dbgcore.DLL
0x00007ffa2b220000 - 0x00007ffa2b2a2000 	C:\WINDOWS\System32\bcryptPrimitives.dll
0x00007ffa208c0000 - 0x00007ffa208e5000 	C:\Users\ramesh\Downloads\sts-4.19.0.RELEASE\plugins\org.eclipse.justj.openjdk.hotspot.jre.full.win32.x86_64_17.0.7.v20230425-1502\jre\bin\java.dll
0x00007ffa24810000 - 0x00007ffa24828000 	C:\Users\ramesh\Downloads\sts-4.19.0.RELEASE\plugins\org.eclipse.justj.openjdk.hotspot.jre.full.win32.x86_64_17.0.7.v20230425-1502\jre\bin\zip.dll
0x00007ffa2c0a0000 - 0x00007ffa2c7e4000 	C:\WINDOWS\System32\SHELL32.dll
0x00007ffa29330000 - 0x00007ffa29ac4000 	C:\WINDOWS\SYSTEM32\windows.storage.dll
0x00007ffa2d520000 - 0x00007ffa2d875000 	C:\WINDOWS\System32\combase.dll
0x00007ffa2aba0000 - 0x00007ffa2abce000 	C:\WINDOWS\SYSTEM32\Wldp.dll
0x00007ffa2bb60000 - 0x00007ffa2bc0d000 	C:\WINDOWS\System32\SHCORE.dll
0x00007ffa2cb60000 - 0x00007ffa2cbb5000 	C:\WINDOWS\System32\shlwapi.dll
0x00007ffa2b160000 - 0x00007ffa2b17f000 	C:\WINDOWS\SYSTEM32\profapi.dll
0x00007ffa22410000 - 0x00007ffa22429000 	C:\Users\ramesh\Downloads\sts-4.19.0.RELEASE\plugins\org.eclipse.justj.openjdk.hotspot.jre.full.win32.x86_64_17.0.7.v20230425-1502\jre\bin\net.dll
0x00007ffa211f0000 - 0x00007ffa212fc000 	C:\WINDOWS\SYSTEM32\WINHTTP.dll
0x00007ffa2a900000 - 0x00007ffa2a96a000 	C:\WINDOWS\system32\mswsock.dll
0x00007ffa1f420000 - 0x00007ffa1f435000 	C:\Users\ramesh\Downloads\sts-4.19.0.RELEASE\plugins\org.eclipse.justj.openjdk.hotspot.jre.full.win32.x86_64_17.0.7.v20230425-1502\jre\bin\nio.dll
0x00007ffa26f00000 - 0x00007ffa26f09000 	C:\Users\ramesh\Downloads\sts-4.19.0.RELEASE\plugins\org.eclipse.justj.openjdk.hotspot.jre.full.win32.x86_64_17.0.7.v20230425-1502\jre\bin\management.dll
0x00007ffa24a40000 - 0x00007ffa24a4b000 	C:\Users\ramesh\Downloads\sts-4.19.0.RELEASE\plugins\org.eclipse.justj.openjdk.hotspot.jre.full.win32.x86_64_17.0.7.v20230425-1502\jre\bin\management_ext.dll
0x00007ffa2da30000 - 0x00007ffa2da38000 	C:\WINDOWS\System32\PSAPI.DLL
0x00007ffa19ce0000 - 0x00007ffa19cf7000 	C:\WINDOWS\system32\napinsp.dll
0x00007ffa19cc0000 - 0x00007ffa19cdb000 	C:\WINDOWS\system32\pnrpnsp.dll
0x00007ffa19ca0000 - 0x00007ffa19cb5000 	C:\WINDOWS\system32\wshbth.dll
0x00007ffa26bd0000 - 0x00007ffa26bed000 	C:\WINDOWS\system32\NLAapi.dll
0x00007ffa2a5f0000 - 0x00007ffa2a62b000 	C:\WINDOWS\SYSTEM32\IPHLPAPI.DLL
0x00007ffa2a630000 - 0x00007ffa2a6fb000 	C:\WINDOWS\SYSTEM32\DNSAPI.dll
0x00007ffa2d9b0000 - 0x00007ffa2d9b8000 	C:\WINDOWS\System32\NSI.dll
0x00007ffa19bd0000 - 0x00007ffa19be2000 	C:\WINDOWS\System32\winrnr.dll
0x00007ffa1e570000 - 0x00007ffa1e57a000 	C:\Windows\System32\rasadhlp.dll
0x00007ffa1ebd0000 - 0x00007ffa1ec4f000 	C:\WINDOWS\System32\fwpuclnt.dll
0x00007ffa2ba20000 - 0x00007ffa2ba47000 	C:\WINDOWS\System32\bcrypt.dll
0x00007ffa2aaf0000 - 0x00007ffa2ab08000 	C:\WINDOWS\SYSTEM32\CRYPTSP.dll
0x00007ffa2a280000 - 0x00007ffa2a2b4000 	C:\WINDOWS\system32\rsaenh.dll
0x00007ffa2b120000 - 0x00007ffa2b14e000 	C:\WINDOWS\SYSTEM32\USERENV.dll
0x00007ffa2ab10000 - 0x00007ffa2ab1c000 	C:\WINDOWS\SYSTEM32\CRYPTBASE.dll
0x00007ffa24550000 - 0x00007ffa24567000 	C:\WINDOWS\SYSTEM32\dhcpcsvc6.DLL
0x00007ffa244d0000 - 0x00007ffa244ed000 	C:\WINDOWS\SYSTEM32\dhcpcsvc.DLL

dbghelp: loaded successfully - version: 4.0.5 - missing functions: none
symbol engine: initialized successfully - sym options: 0x614 - pdb path: .;C:\Users\ramesh\Downloads\sts-4.19.0.RELEASE\plugins\org.eclipse.justj.openjdk.hotspot.jre.full.win32.x86_64_17.0.7.v20230425-1502\jre\bin;C:\WINDOWS\SYSTEM32;C:\WINDOWS\WinSxS\amd64_microsoft.windows.common-controls_6595b64144ccf1df_6.0.19041.1110_none_60b5254171f9507e;C:\Users\ramesh\Downloads\sts-4.19.0.RELEASE\plugins\org.eclipse.justj.openjdk.hotspot.jre.full.win32.x86_64_17.0.7.v20230425-1502\jre\bin\server

VM Arguments:
jvm_args: -Dcom.sun.management.jmxremote -Dcom.sun.management.jmxremote.port=58616 -Dcom.sun.management.jmxremote.authenticate=false -Dcom.sun.management.jmxremote.ssl=false -Djava.rmi.server.hostname=localhost -Dspring.jmx.enabled=true -Dmanagement.endpoints.jmx.exposure.include=* -Dspring.application.admin.enabled=true -XX:TieredStopAtLevel=1 -Dspring.boot.project.name=opManagementProject -Dfile.encoding=UTF-8 -XX:+ShowCodeDetailsInExceptionMessages 
java_command: com.example.demo.OpManagementProjectApplication --spring.output.ansi.enabled=always
java_class_path (initial): C:\Users\ramesh\Documents\workspace-spring-tool-suite-4-4.19.0.RELEASE\opManagementProject\target\classes;C:\Users\ramesh\Downloads\log4j-1.2.15.jar;C:\Users\ramesh\.m2\repository\log4j\log4j\1.2.17\log4j-1.2.17.jar;C:\Users\ramesh\.m2\repository\com\mysql\mysql-connector-j\8.0.33\mysql-connector-j-8.0.33.jar;C:\Users\ramesh\.m2\repository\org\springframework\boot\spring-boot-starter-data-jpa\3.1.1\spring-boot-starter-data-jpa-3.1.1.jar;C:\Users\ramesh\.m2\repository\org\springframework\boot\spring-boot-starter-aop\3.1.1\spring-boot-starter-aop-3.1.1.jar;C:\Users\ramesh\.m2\repository\org\springframework\spring-aop\6.0.10\spring-aop-6.0.10.jar;C:\Users\ramesh\.m2\repository\org\aspectj\aspectjweaver\1.9.19\aspectjweaver-1.9.19.jar;C:\Users\ramesh\.m2\repository\org\springframework\boot\spring-boot-starter-jdbc\3.1.1\spring-boot-starter-jdbc-3.1.1.jar;C:\Users\ramesh\.m2\repository\com\zaxxer\HikariCP\5.0.1\HikariCP-5.0.1.jar;C:\Users\ramesh\.m2\repository\org\springframework\spring-jdbc\6.0.10\spring-jdbc-6.0.10.jar;C:\Users\ramesh\.m2\repository\org\hibernate\orm\hibernate-core\6.2.5.Final\hibernate-core-6.2.5.Final.jar;C:\Users\ramesh\.m2\repository\jakarta\persistence\jakarta.persistence-api\3.1.0\jakarta.persistence-api-3.1.0.jar;C:\Users\ramesh\.m2\repository\jakarta\transaction\jakarta.transaction-api\2.0.1\jakarta.transaction-api-2.0.1.jar;C:\Users\ramesh\.m2\repository\org\jboss\logging\jboss-logging\3.5.1.Final\jboss-logging-3.5.1.Final.jar;C:\Users\ramesh\.m2\repository\org\hibernate\common\hibernate-commons-annotations\6.0.6.Final\hibernate-commons-annotations-6.0.6.Final.jar;C:\Users\ramesh\.m2\repository\io\smallrye\jandex\3.0.5\jandex-3.0.5.jar;C:\Users\ramesh\.m2\repository\com\fasterxml\classmate\1.5.1\classmate-1.5.1.jar;C:\Users\ramesh\.m2\repository\net\bytebuddy\byte-buddy\1.14.5\byte-buddy-1.14.5.jar;C:\Users\ramesh\.m2\repository\org\glassfish\jaxb\jaxb-runtime\4.0.3\jaxb-runtime-4.0.3.jar;C:\Users\ramesh\.m2\reposi
Launcher Type: SUN_STANDARD

[Global flags]
     intx CICompilerCount                          = 3                                         {product} {ergonomic}
     uint ConcGCThreads                            = 1                                         {product} {ergonomic}
     uint G1ConcRefinementThreads                  = 4                                         {product} {ergonomic}
   size_t G1HeapRegionSize                         = 1048576                                   {product} {ergonomic}
    uintx GCDrainStackTargetSize                   = 64                                        {product} {ergonomic}
   size_t InitialHeapSize                          = 65011712                                  {product} {ergonomic}
     bool ManagementServer                         = true                                      {product} {command line}
   size_t MarkStackSize                            = 4194304                                   {product} {ergonomic}
   size_t MaxHeapSize                              = 1021313024                                {product} {ergonomic}
   size_t MaxNewSize                               = 612368384                                 {product} {ergonomic}
   size_t MinHeapDeltaBytes                        = 1048576                                   {product} {ergonomic}
   size_t MinHeapSize                              = 8388608                                   {product} {ergonomic}
    uintx NonProfiledCodeHeapSize                  = 0                                      {pd product} {ergonomic}
     bool ProfileInterpreter                       = false                                  {pd product} {command line}
    uintx ProfiledCodeHeapSize                     = 0                                      {pd product} {ergonomic}
     bool ShowCodeDetailsInExceptionMessages       = true                                   {manageable} {command line}
   size_t SoftMaxHeapSize                          = 1021313024                             {manageable} {ergonomic}
     intx TieredStopAtLevel                        = 1                                         {product} {command line}
     bool UseCompressedClassPointers               = true                           {product lp64_product} {ergonomic}
     bool UseCompressedOops                        = true                           {product lp64_product} {ergonomic}
     bool UseG1GC                                  = true                                      {product} {ergonomic}
     bool UseLargePagesIndividualAllocation        = false                                  {pd product} {ergonomic}

Logging:
Log output configuration:
 #0: stdout all=warning uptime,level,tags
 #1: stderr all=off uptime,level,tags

Environment Variables:
PATH=C:/Users/ramesh/Downloads/sts-4.19.0.RELEASE//plugins/org.eclipse.justj.openjdk.hotspot.jre.full.win32.x86_64_17.0.7.v20230425-1502/jre/bin/server;C:/Users/ramesh/Downloads/sts-4.19.0.RELEASE//plugins/org.eclipse.justj.openjdk.hotspot.jre.full.win32.x86_64_17.0.7.v20230425-1502/jre/bin;C:\Program Files\Common Files\Oracle\Java\javapath;C:\oraclexe\app\oracle\product\11.2.0\server\bin;C:\WINDOWS\system32;C:\WINDOWS;C:\WINDOWS\System32\Wbem;C:\WINDOWS\System32\WindowsPowerShell\v1.0\;C:\WINDOWS\System32\OpenSSH\;C:\Program Files (x86)\dotnet\;C:\Program Files\Java\jdk-20\bin;C:\Program Files\MySQL\MySQL Server 8.0\bin;C:\Program Files\nodejs\;C:\ProgramData\chocolatey\bin;C:\Program Files\MySQL\MySQL Shell 8.0\bin\;C:\Users\ramesh\AppData\Local\Microsoft\WindowsApps;C:\Users\ramesh\AppData\Local\Microsoft\WindowsApps;C:\Users\ramesh\AppData\Roaming\npm;C:\Users\ramesh\AppData\Local\Programs\Microsoft VS Code\bin;C:\Users\ramesh\Downloads\sts-4.19.0.RELEASE;
USERNAME=ramesh
OS=Windows_NT
PROCESSOR_IDENTIFIER=Intel64 Family 6 Model 37 Stepping 5, GenuineIntel
TMP=C:\Users\ramesh\AppData\Local\Temp
TEMP=C:\Users\ramesh\AppData\Local\Temp



---------------  S Y S T E M  ---------------

OS:
 Windows 10 , 64 bit Build 19041 (10.0.19041.1503)
OS uptime: 0 days 17:00 hours

CPU: total 4 (initial active 4) (2 cores per cpu, 2 threads per core) family 6 model 37 stepping 5 microcode 0x7, cx8, cmov, fxsr, ht, mmx, sse, sse2, sse3, ssse3, sse4.1, sse4.2, popcnt, tsc, tscinvbit, clflush

Memory: 4k page, system-wide physical 3893M (1060M free)
TotalPageFile size 9958M (AvailPageFile size 3265M)
current process WorkingSet (physical memory assigned to process): 133M, peak: 133M
current process commit charge ("private bytes"): 161M, peak: 161M

vm_info: OpenJDK 64-Bit Server VM (17.0.7+7) for windows-amd64 JRE (17.0.7+7), built on Apr 18 2023 22:10:42 by "temurin" with MS VC++ 16.7 (VS2019)

END.
