#
# A fatal error has been detected by the Java Runtime Environment:
#
#  EXCEPTION_ACCESS_VIOLATION (0xc0000005) at pc=0x00007ffee8c6363d, pid=5644, tid=8352
#
# JRE version: OpenJDK Runtime Environment Temurin-17.0.7+7 (17.0.7+7) (build 17.0.7+7)
# Java VM: OpenJDK 64-Bit Server VM Temurin-17.0.7+7 (17.0.7+7, mixed mode, emulated-client, tiered, compressed oops, compressed class ptrs, g1 gc, windows-amd64)
# Problematic frame:
# V  [jvm.dll+0x7a363d]
#
# No core dump will be written. Minidumps are not enabled by default on client versions of Windows
#
# If you would like to submit a bug report, please visit:
#   https://github.com/adoptium/adoptium-support/issues
#

---------------  S U M M A R Y ------------

Command Line: -Dcom.sun.management.jmxremote -Dcom.sun.management.jmxremote.port=56694 -Dcom.sun.management.jmxremote.authenticate=false -Dcom.sun.management.jmxremote.ssl=false -Djava.rmi.server.hostname=localhost -Dspring.jmx.enabled=true -Dmanagement.endpoints.jmx.exposure.include=* -Dspring.application.admin.enabled=true -XX:TieredStopAtLevel=1 -Dspring.boot.project.name=opManagementProject -Dfile.encoding=UTF-8 -XX:+ShowCodeDetailsInExceptionMessages com.example.demo.OpManagementProjectApplication --spring.output.ansi.enabled=always

Host: Intel(R) Core(TM) i3 CPU         540  @ 3.07GHz, 4 cores, 3G,  Windows 10 , 64 bit Build 19041 (10.0.19041.1503)
Time: Tue Sep 12 12:30:34 2023 India Standard Time elapsed time: 17583.342387 seconds (0d 4h 53m 3s)

---------------  T H R E A D  ---------------

Current thread (0x0000024449fcf9a0):  JavaThread "Service Thread" daemon [_thread_in_vm, id=8352, stack(0x00000091e7700000,0x00000091e7800000)]

Stack: [0x00000091e7700000,0x00000091e7800000],  sp=0x00000091e77fec30,  free space=1019k
Native frames: (J=compiled Java code, j=interpreted, Vv=VM code, C=native code)
V  [jvm.dll+0x7a363d]
V  [jvm.dll+0x7a4b05]
V  [jvm.dll+0x6db432]
V  [jvm.dll+0x7ea90b]
V  [jvm.dll+0x7e4e7a]
V  [jvm.dll+0x676395]
C  [ucrtbase.dll+0x21bb2]
C  [KERNEL32.DLL+0x17034]
C  [ntdll.dll+0x52651]


siginfo: EXCEPTION_ACCESS_VIOLATION (0xc0000005), reading address 0xffffffffffffffff


Register to memory mapping:

RIP=0x00007ffee8c6363d jvm.dll
RAX=0x000002444f8cca20 points into unknown readable memory: 0x4c2800534a8a0003 | 03 00 8a 4a 53 00 28 4c
RBX=0x0 is NULL
RCX=0x000000004a8a0003 is an unknown value
RDX=0x000002444f522a40 points into unknown readable memory: 0x000002444ac546b0 | b0 46 c5 4a 44 02 00 00
RSP=0x00000091e77fec30 is pointing into the stack for thread: 0x0000024449fcf9a0
RBP=0x0000000000006000 is an unknown value
RSI=0x00000000000059f4 is an unknown value
RDI=0x0000024449e3d018 points into unknown readable memory: 0x00000244503aebe0 | e0 eb 3a 50 44 02 00 00
R8 =0x400002444f447d20 is an unknown value
R9 =0x0000000000000001 is an unknown value
R10=0x0000000000008000 is an unknown value
R11=0x00000091e77feb60 is pointing into the stack for thread: 0x0000024449fcf9a0
R12=0x00000091e77ff5e8 is pointing into the stack for thread: 0x0000024449fcf9a0
R13=0x0000024449fcf9a0 is a thread
R14=0x0 is NULL
R15=0x000002443d2cd490 points into unknown readable memory: 0x0000000000000000 | 00 00 00 00 00 00 00 00


Registers:
RAX=0x000002444f8cca20, RBX=0x0000000000000000, RCX=0x000000004a8a0003, RDX=0x000002444f522a40
RSP=0x00000091e77fec30, RBP=0x0000000000006000, RSI=0x00000000000059f4, RDI=0x0000024449e3d018
R8 =0x400002444f447d20, R9 =0x0000000000000001, R10=0x0000000000008000, R11=0x00000091e77feb60
R12=0x00000091e77ff5e8, R13=0x0000024449fcf9a0, R14=0x0000000000000000, R15=0x000002443d2cd490
RIP=0x00007ffee8c6363d, EFLAGS=0x0000000000010202

Top of Stack: (sp=0x00000091e77fec30)
0x00000091e77fec30:   0000000000000000 0000000000000446
0x00000091e77fec40:   0000024449e122a8 0000000000000210
0x00000091e77fec50:   00000091e77ff5f0 00000091e77ff5e8
0x00000091e77fec60:   0000024449fcf9a0 00000000000059f4
0x00000091e77fec70:   000002443d2cd490 0000000000006000
0x00000091e77fec80:   000002443d2a9cb0 0000000002000002
0x00000091e77fec90:   000002444a2c9b30 000002444f3dba40
0x00000091e77feca0:   0000000000000000 0000000000000000
0x00000091e77fecb0:   0000000000000000 000000000c00000c
0x00000091e77fecc0:   0000000000800001 0000000000000000
0x00000091e77fecd0:   0000000000000410 0000000000000400
0x00000091e77fece0:   0000000000000001 000002443d020000
0x00000091e77fecf0:   0000000000800001 0000000000000000
0x00000091e77fed00:   0000000000000210 0000000000000200
0x00000091e77fed10:   0000000000000001 000002443d020000
0x00000091e77fed20:   0000000000000021 00007fff38d5b44d 

Instructions: (pc=0x00007ffee8c6363d)
0x00007ffee8c6353d:   48 33 cc e8 db ba 0e 00 48 81 c4 38 08 00 00 41
0x00007ffee8c6354d:   5f 41 5e 41 5d 5e 5d 5b c3 cc cc cc cc cc cc cc
0x00007ffee8c6355d:   cc cc cc 40 53 55 56 57 41 54 41 55 41 57 48 81
0x00007ffee8c6356d:   ec 70 08 00 00 48 8b 05 cf d5 38 00 48 33 c4 48
0x00007ffee8c6357d:   89 84 24 60 08 00 00 48 8b 79 08 49 8b e9 48 8b
0x00007ffee8c6358d:   9a f8 00 00 00 49 8b f0 48 8b 84 24 d8 08 00 00
0x00007ffee8c6359d:   4c 8b ea 4c 8b a4 24 d0 08 00 00 4c 8b f9 48 89
0x00007ffee8c635ad:   44 24 20 48 8b c3 4c 89 4c 24 48 48 89 54 24 30
0x00007ffee8c635bd:   48 89 4c 24 40 4c 89 64 24 28 48 89 7c 24 50 f6
0x00007ffee8c635cd:   c3 01 75 0b 48 8b 05 a8 7d 3c 00 48 83 c8 01 48
0x00007ffee8c635dd:   89 82 f8 00 00 00 e8 f8 50 ec ff 48 3b f5 0f 83
0x00007ffee8c635ed:   50 02 00 00 4c 89 b4 24 b8 08 00 00 45 33 f6 0f
0x00007ffee8c635fd:   1f 40 00 48 8b 07 48 8d 3c f0 48 ff c6 48 3b f5
0x00007ffee8c6360d:   48 89 74 24 38 4c 8d 47 08 4d 0f 43 c6 4d 85 c0
0x00007ffee8c6361d:   74 09 4d 8b 00 49 83 e0 fc eb 03 4d 8b c6 48 8b
0x00007ffee8c6362d:   17 48 83 e2 fc 0f 84 f3 01 00 00 4d 85 c0 74 03
0x00007ffee8c6363d:   4d 8b 00 48 8b 02 49 ff 04 24 48 8b 42 08 8b 08
0x00007ffee8c6364d:   66 85 c9 74 0d 48 8b 12 48 85 d2 75 de e9 cc 01
0x00007ffee8c6365d:   00 00 49 89 9d f8 00 00 00 41 8b de 0f 1f 80 00
0x00007ffee8c6366d:   00 00 00 48 8b 07 a8 01 75 15 48 8b 07 48 83 e0
0x00007ffee8c6367d:   fc 48 8b c8 48 83 c9 01 f0 48 0f b1 0f 74 18 ff
0x00007ffee8c6368d:   c3 81 fb 00 20 00 00 75 07 e8 c5 00 ed ff eb c9
0x00007ffee8c6369d:   e8 7e b6 86 ff eb cc 48 8b 07 4c 8b c7 48 83 e0
0x00007ffee8c636ad:   fc 74 3f 49 ff 04 24 48 8b 48 08 8b 11 66 85 d2
0x00007ffee8c636bd:   75 25 4a 89 44 f4 60 49 ff c6 48 8b 00 49 8b 08
0x00007ffee8c636cd:   48 33 c8 83 e1 03 48 33 c8 49 89 08 49 81 fe 00
0x00007ffee8c636dd:   01 00 00 74 0d eb 06 4c 8b c0 48 8b 00 48 85 c0
0x00007ffee8c636ed:   75 c1 48 8b 07 48 83 e0 fc 80 bc 24 e0 08 00 00
0x00007ffee8c636fd:   00 48 89 07 75 12 e8 d8 4f ec ff 49 8b 47 48 49
0x00007ffee8c6370d:   3b c5 74 09 4d 89 6f 48 e8 76 a8 b9 ff 33 ed 4d
0x00007ffee8c6371d:   85 f6 0f 84 d8 00 00 00 4c 8b 64 24 20 44 8d 6d
0x00007ffee8c6372d:   08 66 90 49 ff 04 24 48 8b 74 ec 60 48 8b 46 08 


Stack slot to memory mapping:
stack at sp + 0 slots: 0x0 is NULL
stack at sp + 1 slots: 0x0000000000000446 is an unknown value
stack at sp + 2 slots: 0x0000024449e122a8 points into unknown readable memory: 0x0000024450bcdc90 | 90 dc bc 50 44 02 00 00
stack at sp + 3 slots: 0x0000000000000210 is an unknown value
stack at sp + 4 slots: 0x00000091e77ff5f0 is pointing into the stack for thread: 0x0000024449fcf9a0
stack at sp + 5 slots: 0x00000091e77ff5e8 is pointing into the stack for thread: 0x0000024449fcf9a0
stack at sp + 6 slots: 0x0000024449fcf9a0 is a thread
stack at sp + 7 slots: 0x00000000000059f4 is an unknown value


---------------  P R O C E S S  ---------------

Threads class SMR info:
_java_thread_list=0x000002444ffe44c0, length=32, elements={
0x0000024449fa5250, 0x0000024449fa6fe0, 0x0000024449fcb130, 0x0000024449fcdcc0,
0x0000024449fcf9a0, 0x0000024449fd9bf0, 0x0000024449fda4b0, 0x0000024449feb570,
0x000002444a1abd20, 0x000002444a28e520, 0x000002444a89cf40, 0x000002444a83e290,
0x000002444a89b490, 0x000002444a934ef0, 0x000002444fc60700, 0x000002444fc5eef0,
0x000002444fc61570, 0x000002444fc5f3c0, 0x000002444fc61a40, 0x000002444fc5f890,
0x000002444fc60bd0, 0x000002444fc5e080, 0x000002444fc610a0, 0x000002444fc5e550,
0x000002444fc5ea20, 0x000002444fc5fd60, 0x0000024450b6a080, 0x0000024450b67a00,
0x0000024450b68870, 0x0000024450b67ed0, 0x0000024450b683a0, 0x0000024450b68d40
}

Java Threads: ( => current thread )
  0x0000024449fa5250 JavaThread "Reference Handler" daemon [_thread_blocked, id=15028, stack(0x00000091e7300000,0x00000091e7400000)]
  0x0000024449fa6fe0 JavaThread "Finalizer" daemon [_thread_blocked, id=17252, stack(0x00000091e7400000,0x00000091e7500000)]
  0x0000024449fcb130 JavaThread "Signal Dispatcher" daemon [_thread_blocked, id=7332, stack(0x00000091e7500000,0x00000091e7600000)]
  0x0000024449fcdcc0 JavaThread "Attach Listener" daemon [_thread_blocked, id=5720, stack(0x00000091e7600000,0x00000091e7700000)]
=>0x0000024449fcf9a0 JavaThread "Service Thread" daemon [_thread_in_vm, id=8352, stack(0x00000091e7700000,0x00000091e7800000)]
  0x0000024449fd9bf0 JavaThread "Monitor Deflation Thread" daemon [_thread_blocked, id=12008, stack(0x00000091e7800000,0x00000091e7900000)]
  0x0000024449fda4b0 JavaThread "C1 CompilerThread0" daemon [_thread_blocked, id=9144, stack(0x00000091e7900000,0x00000091e7a00000)]
  0x0000024449feb570 JavaThread "Sweeper thread" daemon [_thread_blocked, id=6232, stack(0x00000091e7a00000,0x00000091e7b00000)]
  0x000002444a1abd20 JavaThread "Common-Cleaner" daemon [_thread_blocked, id=1736, stack(0x00000091e7b00000,0x00000091e7c00000)]
  0x000002444a28e520 JavaThread "Notification Thread" daemon [_thread_blocked, id=10296, stack(0x00000091e7d00000,0x00000091e7e00000)]
  0x000002444a89cf40 JavaThread "RMI TCP Accept-0" daemon [_thread_in_native, id=16492, stack(0x00000091e7e00000,0x00000091e7f00000)]
  0x000002444a83e290 JavaThread "RMI TCP Accept-56694" daemon [_thread_in_native, id=17540, stack(0x00000091e7f00000,0x00000091e8000000)]
  0x000002444a89b490 JavaThread "RMI TCP Accept-0" daemon [_thread_in_native, id=14732, stack(0x00000091e8000000,0x00000091e8100000)]
  0x000002444a934ef0 JavaThread "RMI Scheduler(0)" daemon [_thread_blocked, id=13044, stack(0x00000091e8300000,0x00000091e8400000)]
  0x000002444fc60700 JavaThread "Catalina-utility-1" [_thread_blocked, id=14568, stack(0x00000091e8a00000,0x00000091e8b00000)]
  0x000002444fc5eef0 JavaThread "Catalina-utility-2" [_thread_blocked, id=8556, stack(0x00000091e8b00000,0x00000091e8c00000)]
  0x000002444fc61570 JavaThread "container-0" [_thread_blocked, id=15676, stack(0x00000091e8c00000,0x00000091e8d00000)]
  0x000002444fc5f3c0 JavaThread "mysql-cj-abandoned-connection-cleanup" daemon [_thread_blocked, id=10000, stack(0x00000091e8d00000,0x00000091e8e00000)]
  0x000002444fc61a40 JavaThread "HikariPool-1 housekeeper" daemon [_thread_blocked, id=2648, stack(0x00000091e8f00000,0x00000091e9000000)]
  0x000002444fc5f890 JavaThread "http-nio-8080-exec-1" daemon [_thread_blocked, id=17676, stack(0x00000091e9000000,0x00000091e9100000)]
  0x000002444fc60bd0 JavaThread "http-nio-8080-exec-2" daemon [_thread_blocked, id=10580, stack(0x00000091e9100000,0x00000091e9200000)]
  0x000002444fc5e080 JavaThread "http-nio-8080-exec-3" daemon [_thread_blocked, id=2772, stack(0x00000091e9200000,0x00000091e9300000)]
  0x000002444fc610a0 JavaThread "http-nio-8080-exec-4" daemon [_thread_blocked, id=1880, stack(0x00000091e9300000,0x00000091e9400000)]
  0x000002444fc5e550 JavaThread "http-nio-8080-exec-5" daemon [_thread_blocked, id=4852, stack(0x00000091e9400000,0x00000091e9500000)]
  0x000002444fc5ea20 JavaThread "http-nio-8080-exec-6" daemon [_thread_blocked, id=2380, stack(0x00000091e9500000,0x00000091e9600000)]
  0x000002444fc5fd60 JavaThread "http-nio-8080-exec-7" daemon [_thread_blocked, id=13592, stack(0x00000091e9600000,0x00000091e9700000)]
  0x0000024450b6a080 JavaThread "http-nio-8080-exec-8" daemon [_thread_blocked, id=17984, stack(0x00000091e9700000,0x00000091e9800000)]
  0x0000024450b67a00 JavaThread "http-nio-8080-exec-9" daemon [_thread_blocked, id=14584, stack(0x00000091e9800000,0x00000091e9900000)]
  0x0000024450b68870 JavaThread "http-nio-8080-exec-10" daemon [_thread_blocked, id=12112, stack(0x00000091e9900000,0x00000091e9a00000)]
  0x0000024450b67ed0 JavaThread "http-nio-8080-Poller" daemon [_thread_in_native, id=12564, stack(0x00000091e9a00000,0x00000091e9b00000)]
  0x0000024450b683a0 JavaThread "http-nio-8080-Acceptor" daemon [_thread_in_native, id=17824, stack(0x00000091e9b00000,0x00000091e9c00000)]
  0x0000024450b68d40 JavaThread "DestroyJavaVM" [_thread_blocked, id=10212, stack(0x00000091e6c00000,0x00000091e6d00000)]

Other Threads:
  0x0000024449f80970 VMThread "VM Thread" [stack: 0x00000091e7200000,0x00000091e7300000] [id=5364]
  0x000002443d272520 WatcherThread [stack: 0x00000091e8100000,0x00000091e8200000] [id=9040]
  0x000002443d262f90 GCTaskThread "GC Thread#0" [stack: 0x00000091e6d00000,0x00000091e6e00000] [id=7532]
  0x000002444a9353c0 GCTaskThread "GC Thread#1" [stack: 0x00000091e8400000,0x00000091e8500000] [id=9592]
  0x000002444a95b930 GCTaskThread "GC Thread#2" [stack: 0x00000091e8500000,0x00000091e8600000] [id=7412]
  0x000002444a95bbe0 GCTaskThread "GC Thread#3" [stack: 0x00000091e8600000,0x00000091e8700000] [id=8420]
  0x000002443d26bf40 ConcurrentGCThread "G1 Main Marker" [stack: 0x00000091e6e00000,0x00000091e6f00000] [id=4160]
  0x000002443d26c860 ConcurrentGCThread "G1 Conc#0" [stack: 0x00000091e6f00000,0x00000091e7000000] [id=10012]
  0x000002443d2aa5b0 ConcurrentGCThread "G1 Refine#0" [stack: 0x00000091e7000000,0x00000091e7100000] [id=17204]
  0x000002444a917450 ConcurrentGCThread "G1 Refine#1" [stack: 0x00000091e8700000,0x00000091e8800000] [id=13692]
  0x000002443d2aaee0 ConcurrentGCThread "G1 Service" [stack: 0x00000091e7100000,0x00000091e7200000] [id=14000]

Threads with active compile tasks:

VM state: not at safepoint (normal execution)

VM Mutex/Monitor currently owned by a thread: None

Heap address: 0x00000000c3200000, size: 974 MB, Compressed Oops mode: 32-bit

CDS archive(s) not mapped
Compressed class space mapped at: 0x0000000100000000-0x0000000140000000, reserved size: 1073741824
Narrow klass base: 0x0000000000000000, Narrow klass shift: 3, Narrow klass range: 0x140000000

GC Precious Log:
 CPUs: 4 total, 4 available
 Memory: 3893M
 Large Page Support: Disabled
 NUMA Support: Disabled
 Compressed Oops: Enabled (32-bit)
 Heap Region Size: 1M
 Heap Min Capacity: 8M
 Heap Initial Capacity: 62M
 Heap Max Capacity: 974M
 Pre-touch: Disabled
 Parallel Workers: 4
 Concurrent Workers: 1
 Concurrent Refinement Workers: 4
 Periodic GC: Disabled

Heap:
 garbage-first heap   total 63488K, used 34660K [0x00000000c3200000, 0x0000000100000000)
  region size 1024K, 3 young (3072K), 2 survivors (2048K)
 Metaspace       used 78147K, committed 78656K, reserved 1179648K
  class space    used 10975K, committed 11200K, reserved 1048576K

Heap Regions: E=young(eden), S=young(survivor), O=old, HS=humongous(starts), HC=humongous(continues), CS=collection set, F=free, OA=open archive, CA=closed archive, TAMS=top-at-mark-start (previous, next)
|   0|0x00000000c3200000, 0x00000000c3300000, 0x00000000c3300000|100%|HS|  |TAMS 0x00000000c3300000, 0x00000000c3200000| Complete 
|   1|0x00000000c3300000, 0x00000000c3400000, 0x00000000c3400000|100%| O|  |TAMS 0x00000000c3400000, 0x00000000c3300000| Untracked 
|   2|0x00000000c3400000, 0x00000000c3500000, 0x00000000c3500000|100%| O|  |TAMS 0x00000000c3500000, 0x00000000c3400000| Untracked 
|   3|0x00000000c3500000, 0x00000000c3600000, 0x00000000c3600000|100%| O|  |TAMS 0x00000000c3600000, 0x00000000c3500000| Untracked 
|   4|0x00000000c3600000, 0x00000000c3700000, 0x00000000c3700000|100%| O|  |TAMS 0x00000000c3700000, 0x00000000c3600000| Untracked 
|   5|0x00000000c3700000, 0x00000000c3800000, 0x00000000c3800000|100%| O|  |TAMS 0x00000000c3800000, 0x00000000c3700000| Untracked 
|   6|0x00000000c3800000, 0x00000000c3900000, 0x00000000c3900000|100%| O|  |TAMS 0x00000000c3900000, 0x00000000c3800000| Untracked 
|   7|0x00000000c3900000, 0x00000000c3900000, 0x00000000c3a00000|  0%| F|  |TAMS 0x00000000c3900000, 0x00000000c3900000| Untracked 
|   8|0x00000000c3a00000, 0x00000000c3b00000, 0x00000000c3b00000|100%| O|  |TAMS 0x00000000c3b00000, 0x00000000c3a00000| Untracked 
|   9|0x00000000c3b00000, 0x00000000c3c00000, 0x00000000c3c00000|100%| O|  |TAMS 0x00000000c3c00000, 0x00000000c3b00000| Untracked 
|  10|0x00000000c3c00000, 0x00000000c3d00000, 0x00000000c3d00000|100%| O|  |TAMS 0x00000000c3d00000, 0x00000000c3c00000| Untracked 
|  11|0x00000000c3d00000, 0x00000000c3e00000, 0x00000000c3e00000|100%| O|  |TAMS 0x00000000c3e00000, 0x00000000c3d00000| Untracked 
|  12|0x00000000c3e00000, 0x00000000c3e00000, 0x00000000c3f00000|  0%| F|  |TAMS 0x00000000c3e00000, 0x00000000c3e00000| Untracked 
|  13|0x00000000c3f00000, 0x00000000c3f00000, 0x00000000c4000000|  0%| F|  |TAMS 0x00000000c3f00000, 0x00000000c3f00000| Untracked 
|  14|0x00000000c4000000, 0x00000000c4100000, 0x00000000c4100000|100%| O|  |TAMS 0x00000000c4100000, 0x00000000c4000000| Untracked 
|  15|0x00000000c4100000, 0x00000000c4200000, 0x00000000c4200000|100%| O|  |TAMS 0x00000000c4200000, 0x00000000c4100000| Complete 
|  16|0x00000000c4200000, 0x00000000c4200000, 0x00000000c4300000|  0%| F|  |TAMS 0x00000000c4200000, 0x00000000c4200000| Untracked 
|  17|0x00000000c4300000, 0x00000000c4400000, 0x00000000c4400000|100%| O|  |TAMS 0x00000000c4400000, 0x00000000c4300000| Untracked 
|  18|0x00000000c4400000, 0x00000000c4500000, 0x00000000c4500000|100%| O|  |TAMS 0x00000000c4500000, 0x00000000c4400000| Untracked 
|  19|0x00000000c4500000, 0x00000000c4600000, 0x00000000c4600000|100%| O|  |TAMS 0x00000000c4600000, 0x00000000c4500000| Untracked 
|  20|0x00000000c4600000, 0x00000000c4700000, 0x00000000c4700000|100%| O|  |TAMS 0x00000000c4700000, 0x00000000c4600000| Untracked 
|  21|0x00000000c4700000, 0x00000000c4800000, 0x00000000c4800000|100%| O|  |TAMS 0x00000000c4800000, 0x00000000c4700000| Complete 
|  22|0x00000000c4800000, 0x00000000c4900000, 0x00000000c4900000|100%| O|  |TAMS 0x00000000c4900000, 0x00000000c4800000| Untracked 
|  23|0x00000000c4900000, 0x00000000c4a00000, 0x00000000c4a00000|100%| O|  |TAMS 0x00000000c4a00000, 0x00000000c4900000| Untracked 
|  24|0x00000000c4a00000, 0x00000000c4b00000, 0x00000000c4b00000|100%| O|  |TAMS 0x00000000c4b00000, 0x00000000c4a00000| Untracked 
|  25|0x00000000c4b00000, 0x00000000c4c00000, 0x00000000c4c00000|100%| O|  |TAMS 0x00000000c4c00000, 0x00000000c4b00000| Complete 
|  26|0x00000000c4c00000, 0x00000000c4c00000, 0x00000000c4d00000|  0%| F|  |TAMS 0x00000000c4c00000, 0x00000000c4c00000| Untracked 
|  27|0x00000000c4d00000, 0x00000000c4e00000, 0x00000000c4e00000|100%| O|  |TAMS 0x00000000c4e00000, 0x00000000c4d00000| Untracked 
|  28|0x00000000c4e00000, 0x00000000c4f00000, 0x00000000c4f00000|100%| O|  |TAMS 0x00000000c4f00000, 0x00000000c4e00000| Complete 
|  29|0x00000000c4f00000, 0x00000000c5000000, 0x00000000c5000000|100%| O|  |TAMS 0x00000000c5000000, 0x00000000c4f00000| Complete 
|  30|0x00000000c5000000, 0x00000000c5100000, 0x00000000c5100000|100%| O|  |TAMS 0x00000000c5100000, 0x00000000c5000000| Complete 
|  31|0x00000000c5100000, 0x00000000c5200000, 0x00000000c5200000|100%| O|  |TAMS 0x00000000c5200000, 0x00000000c5100000| Complete 
|  32|0x00000000c5200000, 0x00000000c5300000, 0x00000000c5300000|100%| O|  |TAMS 0x00000000c5300000, 0x00000000c5200000| Untracked 
|  33|0x00000000c5300000, 0x00000000c5400000, 0x00000000c5400000|100%| O|  |TAMS 0x00000000c5400000, 0x00000000c5300000| Untracked 
|  34|0x00000000c5400000, 0x00000000c5500000, 0x00000000c5500000|100%| O|  |TAMS 0x00000000c5500000, 0x00000000c5400000| Untracked 
|  35|0x00000000c5500000, 0x00000000c5600000, 0x00000000c5600000|100%| O|  |TAMS 0x00000000c5600000, 0x00000000c5500000| Untracked 
|  36|0x00000000c5600000, 0x00000000c56ed800, 0x00000000c5700000| 92%| O|  |TAMS 0x00000000c56ed800, 0x00000000c5600000| Untracked 
|  37|0x00000000c5700000, 0x00000000c5700000, 0x00000000c5800000|  0%| F|  |TAMS 0x00000000c5700000, 0x00000000c5700000| Untracked 
|  38|0x00000000c5800000, 0x00000000c5800000, 0x00000000c5900000|  0%| F|  |TAMS 0x00000000c5800000, 0x00000000c5800000| Untracked 
|  39|0x00000000c5900000, 0x00000000c5900000, 0x00000000c5a00000|  0%| F|  |TAMS 0x00000000c5900000, 0x00000000c5900000| Untracked 
|  40|0x00000000c5a00000, 0x00000000c5a00000, 0x00000000c5b00000|  0%| F|  |TAMS 0x00000000c5a00000, 0x00000000c5a00000| Untracked 
|  41|0x00000000c5b00000, 0x00000000c5b00000, 0x00000000c5c00000|  0%| F|  |TAMS 0x00000000c5b00000, 0x00000000c5b00000| Untracked 
|  42|0x00000000c5c00000, 0x00000000c5ceb970, 0x00000000c5d00000| 92%| S|CS|TAMS 0x00000000c5c00000, 0x00000000c5c00000| Complete 
|  43|0x00000000c5d00000, 0x00000000c5e00000, 0x00000000c5e00000|100%| S|CS|TAMS 0x00000000c5d00000, 0x00000000c5d00000| Complete 
|  44|0x00000000c5e00000, 0x00000000c5e00000, 0x00000000c5f00000|  0%| F|  |TAMS 0x00000000c5e00000, 0x00000000c5e00000| Untracked 
|  45|0x00000000c5f00000, 0x00000000c5f00000, 0x00000000c6000000|  0%| F|  |TAMS 0x00000000c5f00000, 0x00000000c5f00000| Untracked 
|  46|0x00000000c6000000, 0x00000000c6000000, 0x00000000c6100000|  0%| F|  |TAMS 0x00000000c6000000, 0x00000000c6000000| Untracked 
|  47|0x00000000c6100000, 0x00000000c6100000, 0x00000000c6200000|  0%| F|  |TAMS 0x00000000c6100000, 0x00000000c6100000| Untracked 
|  48|0x00000000c6200000, 0x00000000c6200000, 0x00000000c6300000|  0%| F|  |TAMS 0x00000000c6200000, 0x00000000c6200000| Untracked 
|  49|0x00000000c6300000, 0x00000000c6300000, 0x00000000c6400000|  0%| F|  |TAMS 0x00000000c6300000, 0x00000000c6300000| Untracked 
|  50|0x00000000c6400000, 0x00000000c6400000, 0x00000000c6500000|  0%| F|  |TAMS 0x00000000c6400000, 0x00000000c6400000| Untracked 
|  51|0x00000000c6500000, 0x00000000c6500000, 0x00000000c6600000|  0%| F|  |TAMS 0x00000000c6500000, 0x00000000c6500000| Untracked 
|  52|0x00000000c6600000, 0x00000000c6600000, 0x00000000c6700000|  0%| F|  |TAMS 0x00000000c6600000, 0x00000000c6600000| Untracked 
|  53|0x00000000c6700000, 0x00000000c6700000, 0x00000000c6800000|  0%| F|  |TAMS 0x00000000c6700000, 0x00000000c6700000| Untracked 
|  54|0x00000000c6800000, 0x00000000c6800000, 0x00000000c6900000|  0%| F|  |TAMS 0x00000000c6800000, 0x00000000c6800000| Untracked 
|  55|0x00000000c6900000, 0x00000000c6900000, 0x00000000c6a00000|  0%| F|  |TAMS 0x00000000c6900000, 0x00000000c6900000| Untracked 
|  56|0x00000000c6a00000, 0x00000000c6a00000, 0x00000000c6b00000|  0%| F|  |TAMS 0x00000000c6a00000, 0x00000000c6a00000| Untracked 
|  57|0x00000000c6b00000, 0x00000000c6b00000, 0x00000000c6c00000|  0%| F|  |TAMS 0x00000000c6b00000, 0x00000000c6b00000| Untracked 
|  58|0x00000000c6c00000, 0x00000000c6c00000, 0x00000000c6d00000|  0%| F|  |TAMS 0x00000000c6c00000, 0x00000000c6c00000| Untracked 
|  59|0x00000000c6d00000, 0x00000000c6d00000, 0x00000000c6e00000|  0%| F|  |TAMS 0x00000000c6d00000, 0x00000000c6d00000| Untracked 
|  60|0x00000000c6e00000, 0x00000000c6e00000, 0x00000000c6f00000|  0%| F|  |TAMS 0x00000000c6e00000, 0x00000000c6e00000| Untracked 
|  61|0x00000000c6f00000, 0x00000000c6f15ee0, 0x00000000c7000000|  8%| E|  |TAMS 0x00000000c6f00000, 0x00000000c6f00000| Complete 

Card table byte_map: [0x0000024445740000,0x0000024445930000] _byte_map_base: 0x0000024445127000

Marking Bits (Prev, Next): (CMBitMap*) 0x000002443d2634b0, (CMBitMap*) 0x000002443d2634f0
 Prev Bits: [0x0000024445b20000, 0x0000024446a58000)
 Next Bits: [0x0000024446a60000, 0x0000024447998000)

Polling page: 0x000002443d010000

Metaspace:

Usage:
  Non-class:     65.60 MB used.
      Class:     10.72 MB used.
       Both:     76.32 MB used.

Virtual space:
  Non-class space:      128.00 MB reserved,      65.88 MB ( 51%) committed,  2 nodes.
      Class space:        1.00 GB reserved,      10.94 MB (  1%) committed,  1 nodes.
             Both:        1.12 GB reserved,      76.81 MB (  7%) committed. 

Chunk freelists:
   Non-Class:  13.70 MB
       Class:  5.13 MB
        Both:  18.83 MB

MaxMetaspaceSize: unlimited
CompressedClassSpaceSize: 1.00 GB
Initial GC threshold: 21.00 MB
Current GC threshold: 128.06 MB
CDS: off
MetaspaceReclaimPolicy: balanced
 - commit_granule_bytes: 65536.
 - commit_granule_words: 8192.
 - virtual_space_node_default_size: 8388608.
 - enlarge_chunks_in_place: 1.
 - new_chunks_are_fully_committed: 0.
 - uncommit_free_chunks: 1.
 - use_allocation_guard: 0.
 - handle_deallocations: 1.


Internal statistics:

num_allocs_failed_limit: 8.
num_arena_births: 812.
num_arena_deaths: 300.
num_vsnodes_births: 3.
num_vsnodes_deaths: 0.
num_space_committed: 1229.
num_space_uncommitted: 0.
num_chunks_returned_to_freelist: 354.
num_chunks_taken_from_freelist: 3429.
num_chunk_merges: 130.
num_chunk_splits: 2417.
num_chunks_enlarged: 1916.
num_inconsistent_stats: 0.

CodeCache: size=49152Kb used=10809Kb max_used=11049Kb free=38342Kb
 bounds [0x0000024442110000, 0x0000024442be0000, 0x0000024445110000]
 total_blobs=6857 nmethods=6190 adapters=595
 compilation: enabled
              stopped_count=0, restarted_count=0
 full_count=0

Compilation events (20 events):
Event: 15999.355 Thread 0x0000024449fda4b0 6226       1       java.util.LinkedList$LLSpliterator::getEst (56 bytes)
Event: 15999.376 Thread 0x0000024449fda4b0 nmethod 6226 0x0000024442b94290 code [0x0000024442b94420, 0x0000024442b94598]
Event: 15999.376 Thread 0x0000024449fda4b0 6225       1       java.lang.Math::max (12 bytes)
Event: 15999.376 Thread 0x0000024449fda4b0 nmethod 6225 0x0000024442b93f90 code [0x0000024442b94120, 0x0000024442b941d8]
Event: 15999.377 Thread 0x0000024449fda4b0 6224       1       java.util.concurrent.ThreadPoolExecutor::execute (132 bytes)
Event: 15999.404 Thread 0x0000024449fda4b0 nmethod 6224 0x0000024442b93710 code [0x0000024442b93940, 0x0000024442b93d68]
Event: 16002.962 Thread 0x0000024449fda4b0 6227   !   1       java.util.concurrent.LinkedBlockingQueue::poll (128 bytes)
Event: 16003.041 Thread 0x0000024449fda4b0 nmethod 6227 0x0000024442b91f90 code [0x0000024442b92280, 0x0000024442b92ca8]
Event: 16003.041 Thread 0x0000024449fda4b0 6228       1       com.mysql.cj.protocol.a.ColumnDefinitionReader::read (122 bytes)
Event: 16003.070 Thread 0x0000024449fda4b0 nmethod 6228 0x0000024442b91590 code [0x0000024442b91780, 0x0000024442b91c38]
Event: 16005.532 Thread 0x0000024449fda4b0 6229       1       java.util.concurrent.CopyOnWriteArrayList::indexOfRange (63 bytes)
Event: 16005.540 Thread 0x0000024449fda4b0 nmethod 6229 0x0000024442b91010 code [0x0000024442b911c0, 0x0000024442b913c8]
Event: 16005.543 Thread 0x0000024449fda4b0 6230       1       java.nio.CharBuffer::allocate (20 bytes)
Event: 16005.594 Thread 0x0000024449fda4b0 nmethod 6230 0x0000024442b90a10 code [0x0000024442b90bc0, 0x0000024442b90e78]
Event: 16013.338 Thread 0x0000024449fda4b0 6232       1       java.util.regex.Pattern::namedGroups (25 bytes)
Event: 16013.350 Thread 0x0000024449fda4b0 nmethod 6232 0x0000024442b90590 code [0x0000024442b90760, 0x0000024442b90928]
Event: 16013.353 Thread 0x0000024449fda4b0 6233       1       java.util.Collections$SynchronizedCollection::iterator (10 bytes)
Event: 16013.358 Thread 0x0000024449fda4b0 nmethod 6233 0x0000024442b90290 code [0x0000024442b90420, 0x0000024442b90508]
Event: 16013.359 Thread 0x0000024449fda4b0 6234       1       java.nio.MappedByteBuffer::<init> (22 bytes)
Event: 16013.368 Thread 0x0000024449fda4b0 nmethod 6234 0x0000024442b8ff10 code [0x0000024442b900a0, 0x0000024442b901e8]

GC Heap History (20 events):
Event: 11.285 GC heap before
{Heap before GC invocations=19 (full 0):
 garbage-first heap   total 49152K, used 38004K [0x00000000c3200000, 0x0000000100000000)
  region size 1024K, 17 young (17408K), 2 survivors (2048K)
 Metaspace       used 63590K, committed 64128K, reserved 1114112K
  class space    used 8767K, committed 9024K, reserved 1048576K
}
Event: 11.292 GC heap after
{Heap after GC invocations=20 (full 0):
 garbage-first heap   total 49152K, used 24761K [0x00000000c3200000, 0x0000000100000000)
  region size 1024K, 3 young (3072K), 3 survivors (3072K)
 Metaspace       used 63590K, committed 64128K, reserved 1114112K
  class space    used 8767K, committed 9024K, reserved 1048576K
}
Event: 12.161 GC heap before
{Heap before GC invocations=21 (full 0):
 garbage-first heap   total 50176K, used 38073K [0x00000000c3200000, 0x0000000100000000)
  region size 1024K, 16 young (16384K), 3 survivors (3072K)
 Metaspace       used 65940K, committed 66432K, reserved 1114112K
  class space    used 9102K, committed 9344K, reserved 1048576K
}
Event: 12.168 GC heap after
{Heap after GC invocations=22 (full 0):
 garbage-first heap   total 50176K, used 25894K [0x00000000c3200000, 0x0000000100000000)
  region size 1024K, 2 young (2048K), 2 survivors (2048K)
 Metaspace       used 65940K, committed 66432K, reserved 1114112K
  class space    used 9102K, committed 9344K, reserved 1048576K
}
Event: 12.504 GC heap before
{Heap before GC invocations=22 (full 0):
 garbage-first heap   total 50176K, used 38182K [0x00000000c3200000, 0x0000000100000000)
  region size 1024K, 15 young (15360K), 2 survivors (2048K)
 Metaspace       used 67714K, committed 68224K, reserved 1114112K
  class space    used 9380K, committed 9664K, reserved 1048576K
}
Event: 12.509 GC heap after
{Heap after GC invocations=23 (full 0):
 garbage-first heap   total 60416K, used 26791K [0x00000000c3200000, 0x0000000100000000)
  region size 1024K, 1 young (1024K), 1 survivors (1024K)
 Metaspace       used 67714K, committed 68224K, reserved 1114112K
  class space    used 9380K, committed 9664K, reserved 1048576K
}
Event: 12.913 GC heap before
{Heap before GC invocations=24 (full 0):
 garbage-first heap   total 60416K, used 47271K [0x00000000c3200000, 0x0000000100000000)
  region size 1024K, 22 young (22528K), 1 survivors (1024K)
 Metaspace       used 69792K, committed 70336K, reserved 1114112K
  class space    used 9764K, committed 10048K, reserved 1048576K
}
Event: 12.919 GC heap after
{Heap after GC invocations=25 (full 0):
 garbage-first heap   total 60416K, used 28146K [0x00000000c3200000, 0x0000000100000000)
  region size 1024K, 3 young (3072K), 3 survivors (3072K)
 Metaspace       used 69792K, committed 70336K, reserved 1114112K
  class space    used 9764K, committed 10048K, reserved 1048576K
}
Event: 13.750 GC heap before
{Heap before GC invocations=25 (full 0):
 garbage-first heap   total 60416K, used 47602K [0x00000000c3200000, 0x0000000100000000)
  region size 1024K, 22 young (22528K), 3 survivors (3072K)
 Metaspace       used 71307K, committed 71808K, reserved 1114112K
  class space    used 10032K, committed 10304K, reserved 1048576K
}
Event: 13.759 GC heap after
{Heap after GC invocations=26 (full 0):
 garbage-first heap   total 60416K, used 29968K [0x00000000c3200000, 0x0000000100000000)
  region size 1024K, 3 young (3072K), 3 survivors (3072K)
 Metaspace       used 71307K, committed 71808K, reserved 1114112K
  class space    used 10032K, committed 10304K, reserved 1048576K
}
Event: 14.652 GC heap before
{Heap before GC invocations=27 (full 0):
 garbage-first heap   total 60416K, used 47376K [0x00000000c3200000, 0x0000000100000000)
  region size 1024K, 20 young (20480K), 3 survivors (3072K)
 Metaspace       used 73642K, committed 74176K, reserved 1114112K
  class space    used 10361K, committed 10624K, reserved 1048576K
}
Event: 14.665 GC heap after
{Heap after GC invocations=28 (full 0):
 garbage-first heap   total 60416K, used 31917K [0x00000000c3200000, 0x0000000100000000)
  region size 1024K, 2 young (2048K), 2 survivors (2048K)
 Metaspace       used 73642K, committed 74176K, reserved 1114112K
  class space    used 10361K, committed 10624K, reserved 1048576K
}
Event: 110.690 GC heap before
{Heap before GC invocations=28 (full 0):
 garbage-first heap   total 60416K, used 48301K [0x00000000c3200000, 0x0000000100000000)
  region size 1024K, 18 young (18432K), 2 survivors (2048K)
 Metaspace       used 75630K, committed 76224K, reserved 1179648K
  class space    used 10628K, committed 10880K, reserved 1048576K
}
Event: 110.708 GC heap after
{Heap after GC invocations=29 (full 0):
 garbage-first heap   total 60416K, used 33341K [0x00000000c3200000, 0x0000000100000000)
  region size 1024K, 2 young (2048K), 2 survivors (2048K)
 Metaspace       used 75630K, committed 76224K, reserved 1179648K
  class space    used 10628K, committed 10880K, reserved 1048576K
}
Event: 1766.931 GC heap before
{Heap before GC invocations=30 (full 0):
 garbage-first heap   total 63488K, used 46653K [0x00000000c3200000, 0x0000000100000000)
  region size 1024K, 16 young (16384K), 2 survivors (2048K)
 Metaspace       used 78151K, committed 78656K, reserved 1179648K
  class space    used 10974K, committed 11200K, reserved 1048576K
}
Event: 1767.310 GC heap after
{Heap after GC invocations=31 (full 0):
 garbage-first heap   total 63488K, used 34379K [0x00000000c3200000, 0x0000000100000000)
  region size 1024K, 2 young (2048K), 2 survivors (2048K)
 Metaspace       used 78151K, committed 78656K, reserved 1179648K
  class space    used 10974K, committed 11200K, reserved 1048576K
}
Event: 1977.961 GC heap before
{Heap before GC invocations=31 (full 0):
 garbage-first heap   total 63488K, used 35403K [0x00000000c3200000, 0x0000000100000000)
  region size 1024K, 3 young (3072K), 2 survivors (2048K)
 Metaspace       used 78191K, committed 78656K, reserved 1179648K
  class space    used 10986K, committed 11200K, reserved 1048576K
}
Event: 1978.094 GC heap after
{Heap after GC invocations=32 (full 0):
 garbage-first heap   total 63488K, used 33339K [0x00000000c3200000, 0x0000000100000000)
  region size 1024K, 1 young (1024K), 1 survivors (1024K)
 Metaspace       used 78191K, committed 78656K, reserved 1179648K
  class space    used 10986K, committed 11200K, reserved 1048576K
}
Event: 17580.221 GC heap before
{Heap before GC invocations=32 (full 0):
 garbage-first heap   total 63488K, used 49723K [0x00000000c3200000, 0x0000000100000000)
  region size 1024K, 18 young (18432K), 1 survivors (1024K)
 Metaspace       used 78197K, committed 78656K, reserved 1179648K
  class space    used 10987K, committed 11200K, reserved 1048576K
}
Event: 17580.519 GC heap after
{Heap after GC invocations=33 (full 0):
 garbage-first heap   total 63488K, used 34660K [0x00000000c3200000, 0x0000000100000000)
  region size 1024K, 2 young (2048K), 2 survivors (2048K)
 Metaspace       used 78197K, committed 78656K, reserved 1179648K
  class space    used 10987K, committed 11200K, reserved 1048576K
}

Dll operation events (9 events):
Event: 0.016 Loaded shared library C:\Users\ramesh\Downloads\sts-4.19.0.RELEASE\plugins\org.eclipse.justj.openjdk.hotspot.jre.full.win32.x86_64_17.0.7.v20230425-1502\jre\bin\java.dll
Event: 0.656 Loaded shared library C:\Users\ramesh\Downloads\sts-4.19.0.RELEASE\plugins\org.eclipse.justj.openjdk.hotspot.jre.full.win32.x86_64_17.0.7.v20230425-1502\jre\bin\jimage.dll
Event: 0.722 Loaded shared library C:\Users\ramesh\Downloads\sts-4.19.0.RELEASE\plugins\org.eclipse.justj.openjdk.hotspot.jre.full.win32.x86_64_17.0.7.v20230425-1502\jre\bin\net.dll
Event: 0.728 Loaded shared library C:\Users\ramesh\Downloads\sts-4.19.0.RELEASE\plugins\org.eclipse.justj.openjdk.hotspot.jre.full.win32.x86_64_17.0.7.v20230425-1502\jre\bin\nio.dll
Event: 0.749 Loaded shared library C:\Users\ramesh\Downloads\sts-4.19.0.RELEASE\plugins\org.eclipse.justj.openjdk.hotspot.jre.full.win32.x86_64_17.0.7.v20230425-1502\jre\bin\zip.dll
Event: 1.007 Loaded shared library C:\Users\ramesh\Downloads\sts-4.19.0.RELEASE\plugins\org.eclipse.justj.openjdk.hotspot.jre.full.win32.x86_64_17.0.7.v20230425-1502\jre\bin\management.dll
Event: 1.042 Loaded shared library C:\Users\ramesh\Downloads\sts-4.19.0.RELEASE\plugins\org.eclipse.justj.openjdk.hotspot.jre.full.win32.x86_64_17.0.7.v20230425-1502\jre\bin\management_ext.dll
Event: 6.454 Loaded shared library C:\Users\ramesh\Downloads\sts-4.19.0.RELEASE\plugins\org.eclipse.justj.openjdk.hotspot.jre.full.win32.x86_64_17.0.7.v20230425-1502\jre\bin\sunmscapi.dll
Event: 8.063 Loaded shared library C:\Users\ramesh\Downloads\sts-4.19.0.RELEASE\plugins\org.eclipse.justj.openjdk.hotspot.jre.full.win32.x86_64_17.0.7.v20230425-1502\jre\bin\verify.dll

Deoptimization events (10 events):
Event: 3.397 Thread 0x000002443d228ad0 DEOPT PACKING pc=0x000002444258e719 sp=0x00000091e6cfd3e0
Event: 3.397 Thread 0x000002443d228ad0 DEOPT UNPACKING pc=0x0000024442167124 sp=0x00000091e6cfc8c0 mode 3
Event: 6.665 Thread 0x000002443d228ad0 DEOPT PACKING pc=0x0000024442828ffd sp=0x00000091e6cfc8a0
Event: 6.665 Thread 0x000002443d228ad0 DEOPT UNPACKING pc=0x0000024442167124 sp=0x00000091e6cfbe08 mode 3
Event: 12.139 Thread 0x000002443d228ad0 DEOPT PACKING pc=0x00000244425b8bc2 sp=0x00000091e6cfce60
Event: 12.139 Thread 0x000002443d228ad0 DEOPT UNPACKING pc=0x0000024442167124 sp=0x00000091e6cfc368 mode 3
Event: 12.284 Thread 0x000002443d228ad0 DEOPT PACKING pc=0x00000244425c9694 sp=0x00000091e6cfd2b0
Event: 12.284 Thread 0x000002443d228ad0 DEOPT UNPACKING pc=0x0000024442167124 sp=0x00000091e6cfc808 mode 0
Event: 13.020 Thread 0x000002443d228ad0 DEOPT PACKING pc=0x000002444279e499 sp=0x00000091e6cfcd70
Event: 13.020 Thread 0x000002443d228ad0 DEOPT UNPACKING pc=0x0000024442167124 sp=0x00000091e6cfc258 mode 3

Classes unloaded (20 events):
Event: 17581.232 Thread 0x0000024449f80970 Unloading class 0x0000000100a95400 'java/lang/invoke/LambdaForm$MH+0x0000000100a95400'
Event: 17581.232 Thread 0x0000024449f80970 Unloading class 0x0000000100a95000 'java/lang/invoke/LambdaForm$MH+0x0000000100a95000'
Event: 17581.232 Thread 0x0000024449f80970 Unloading class 0x0000000100a94c00 'java/lang/invoke/LambdaForm$MH+0x0000000100a94c00'
Event: 17581.232 Thread 0x0000024449f80970 Unloading class 0x0000000100a94800 'java/lang/invoke/LambdaForm$MH+0x0000000100a94800'
Event: 17581.232 Thread 0x0000024449f80970 Unloading class 0x0000000100a94400 'java/lang/invoke/LambdaForm$MH+0x0000000100a94400'
Event: 17581.232 Thread 0x0000024449f80970 Unloading class 0x0000000100a94000 'java/lang/invoke/LambdaForm$MH+0x0000000100a94000'
Event: 17581.234 Thread 0x0000024449f80970 Unloading class 0x0000000100a70800 'jdk/internal/reflect/GeneratedSerializationConstructorAccessor19'
Event: 17581.234 Thread 0x0000024449f80970 Unloading class 0x0000000100150400 'java/lang/invoke/LambdaForm$MH+0x0000000100150400'
Event: 17581.235 Thread 0x0000024449f80970 Unloading class 0x0000000100150000 'java/lang/invoke/LambdaForm$MH+0x0000000100150000'
Event: 17581.236 Thread 0x0000024449f80970 Unloading class 0x000000010014d000 'java/lang/invoke/LambdaForm$MH+0x000000010014d000'
Event: 17581.236 Thread 0x0000024449f80970 Unloading class 0x00000001000c6000 'java/lang/invoke/LambdaForm$MH+0x00000001000c6000'
Event: 17581.237 Thread 0x0000024449f80970 Unloading class 0x00000001000c5c00 'java/lang/invoke/LambdaForm$MH+0x00000001000c5c00'
Event: 17581.238 Thread 0x0000024449f80970 Unloading class 0x00000001000c5800 'java/lang/invoke/LambdaForm$MH+0x00000001000c5800'
Event: 17581.238 Thread 0x0000024449f80970 Unloading class 0x00000001000c5400 'java/lang/invoke/LambdaForm$MH+0x00000001000c5400'
Event: 17581.238 Thread 0x0000024449f80970 Unloading class 0x00000001000c5000 'java/lang/invoke/LambdaForm$MH+0x00000001000c5000'
Event: 17581.238 Thread 0x0000024449f80970 Unloading class 0x00000001000c4c00 'java/lang/invoke/LambdaForm$MH+0x00000001000c4c00'
Event: 17581.238 Thread 0x0000024449f80970 Unloading class 0x00000001000c2400 'java/lang/invoke/LambdaForm$MH+0x00000001000c2400'
Event: 17581.238 Thread 0x0000024449f80970 Unloading class 0x00000001000c1c00 'java/lang/invoke/LambdaForm$MH+0x00000001000c1c00'
Event: 17581.239 Thread 0x0000024449f80970 Unloading class 0x00000001000c1400 'java/lang/invoke/LambdaForm$MH+0x00000001000c1400'
Event: 17581.239 Thread 0x0000024449f80970 Unloading class 0x00000001000c0c00 'java/lang/invoke/LambdaForm$MH+0x00000001000c0c00'

Classes redefined (0 events):
No events

Internal exceptions (20 events):
Event: 15.132 Thread 0x000002443d228ad0 Exception <a 'java/lang/NoSuchMethodError'{0x00000000c62d8b20}: 'java.lang.Object java.lang.invoke.DirectMethodHandle$Holder.invokeSpecial(java.lang.Object, java.lang.Object, int, java.lang.Object, int, java.lang.Object)'> (0x00000000c62d8b20) 
thrown [s\src\hotspot\share\interpreter\linkResolver.cpp, line 759]
Event: 15.132 Thread 0x000002443d228ad0 Exception <a 'java/lang/NoSuchMethodError'{0x00000000c62e0898}: 'java.lang.Object java.lang.invoke.DirectMethodHandle$Holder.newInvokeSpecial(java.lang.Object, java.lang.Object, int, java.lang.Object, int)'> (0x00000000c62e0898) 
thrown [s\src\hotspot\share\interpreter\linkResolver.cpp, line 759]
Event: 15.133 Thread 0x000002443d228ad0 Exception <a 'java/lang/NoSuchMethodError'{0x00000000c62e4998}: 'java.lang.Object java.lang.invoke.DirectMethodHandle$Holder.invokeSpecial(java.lang.Object, java.lang.Object, java.lang.Object, int, java.lang.Object, int)'> (0x00000000c62e4998) 
thrown [s\src\hotspot\share\interpreter\linkResolver.cpp, line 759]
Event: 110.546 Thread 0x000002444fc60bd0 Exception <a 'java/lang/NoSuchMethodError'{0x00000000c5ecf658}: 'java.lang.Object java.lang.invoke.DirectMethodHandle$Holder.invokeSpecial(java.lang.Object, java.lang.Object, java.lang.Object, java.lang.Object, java.lang.Object, long)'> (0x00000000c5ecf658) 
thrown [s\src\hotspot\share\interpreter\linkResolver.cpp, line 759]
Event: 110.547 Thread 0x000002444fc60bd0 Exception <a 'java/lang/NoSuchMethodError'{0x00000000c5ed3098}: 'java.lang.Object java.lang.invoke.Invokers$Holder.linkToTargetMethod(java.lang.Object, java.lang.Object, java.lang.Object, long, java.lang.Object)'> (0x00000000c5ed3098) 
thrown [s\src\hotspot\share\interpreter\linkResolver.cpp, line 759]
Event: 110.725 Thread 0x000002444fc60bd0 Exception <a 'java/io/IOException'{0x00000000c6f30d60}> (0x00000000c6f30d60) 
thrown [s\src\hotspot\share\prims\jni.cpp, line 516]
Event: 110.725 Thread 0x000002444fc60bd0 Exception <a 'java/io/IOException'{0x00000000c6f330b0}> (0x00000000c6f330b0) 
thrown [s\src\hotspot\share\prims\jni.cpp, line 516]
Event: 110.728 Thread 0x000002444fc60bd0 Exception <a 'java/io/IOException'{0x00000000c6f38348}> (0x00000000c6f38348) 
thrown [s\src\hotspot\share\prims\jni.cpp, line 516]
Event: 110.816 Thread 0x000002444fc60bd0 Exception <a 'java/io/IOException'{0x00000000c6bba258}> (0x00000000c6bba258) 
thrown [s\src\hotspot\share\prims\jni.cpp, line 516]
Event: 110.816 Thread 0x000002444fc60bd0 Exception <a 'java/io/IOException'{0x00000000c6bbbdc0}> (0x00000000c6bbbdc0) 
thrown [s\src\hotspot\share\prims\jni.cpp, line 516]
Event: 110.891 Thread 0x000002444fc60bd0 Exception <a 'java/lang/NoSuchMethodError'{0x00000000c6e285f0}: 'java.lang.Object java.lang.invoke.DirectMethodHandle$Holder.invokeInterface(java.lang.Object, java.lang.Object, java.lang.Object, java.lang.Object)'> (0x00000000c6e285f0) 
thrown [s\src\hotspot\share\interpreter\linkResolver.cpp, line 759]
Event: 111.007 Thread 0x000002444fc60bd0 Exception <a 'java/io/IOException'{0x00000000c6982550}> (0x00000000c6982550) 
thrown [s\src\hotspot\share\prims\jni.cpp, line 516]
Event: 111.051 Thread 0x000002444fc60bd0 Exception <a 'java/lang/NoSuchMethodError'{0x00000000c6865bf8}: 'java.lang.Object java.lang.invoke.DirectMethodHandle$Holder.newInvokeSpecial(java.lang.Object, java.lang.Object, int)'> (0x00000000c6865bf8) 
thrown [s\src\hotspot\share\interpreter\linkResolver.cpp, line 759]
Event: 111.054 Thread 0x000002444fc60bd0 Exception <a 'java/lang/NoSuchMethodError'{0x00000000c6876850}: 'void java.lang.invoke.DirectMethodHandle$Holder.invokeSpecialIFC(java.lang.Object, java.lang.Object, int, java.lang.Object, java.lang.Object, java.lang.Object, java.lang.Object)'> (0x00000000c6876850) 
thrown [s\src\hotspot\share\interpreter\linkResolver.cpp, line 759]
Event: 111.066 Thread 0x000002444fc60bd0 Exception <a 'java/io/IOException'{0x00000000c68ee598}> (0x00000000c68ee598) 
thrown [s\src\hotspot\share\prims\jni.cpp, line 516]
Event: 111.079 Thread 0x000002444fc60bd0 Exception <a 'java/io/IOException'{0x00000000c6700a98}> (0x00000000c6700a98) 
thrown [s\src\hotspot\share\prims\jni.cpp, line 516]
Event: 111.081 Thread 0x000002444fc60bd0 Exception <a 'java/io/IOException'{0x00000000c67059f8}> (0x00000000c67059f8) 
thrown [s\src\hotspot\share\prims\jni.cpp, line 516]
Event: 111.082 Thread 0x000002444fc60bd0 Exception <a 'java/io/IOException'{0x00000000c670a958}> (0x00000000c670a958) 
thrown [s\src\hotspot\share\prims\jni.cpp, line 516]
Event: 111.083 Thread 0x000002444fc60bd0 Exception <a 'java/io/IOException'{0x00000000c670f8e0}> (0x00000000c670f8e0) 
thrown [s\src\hotspot\share\prims\jni.cpp, line 516]
Event: 111.337 Thread 0x000002444fc5f890 Exception <a 'java/lang/NoSuchMethodError'{0x00000000c646a3c0}: 'java.lang.Object java.lang.invoke.DirectMethodHandle$Holder.invokeStatic(java.lang.Object, int, int)'> (0x00000000c646a3c0) 
thrown [s\src\hotspot\share\interpreter\linkResolver.cpp, line 759]

VM Operations (20 events):
Event: 8900.108 Executing VM operation: Cleanup
Event: 8900.108 Executing VM operation: Cleanup done
Event: 10637.149 Executing VM operation: Cleanup
Event: 10637.158 Executing VM operation: Cleanup done
Event: 12439.364 Executing VM operation: Cleanup
Event: 12439.375 Executing VM operation: Cleanup done
Event: 15994.638 Executing VM operation: Cleanup
Event: 15994.726 Executing VM operation: Cleanup done
Event: 15999.758 Executing VM operation: Cleanup
Event: 15999.758 Executing VM operation: Cleanup done
Event: 16002.797 Executing VM operation: Cleanup
Event: 16002.798 Executing VM operation: Cleanup done
Event: 16005.829 Executing VM operation: Cleanup
Event: 16005.830 Executing VM operation: Cleanup done
Event: 17580.207 Executing VM operation: G1CollectForAllocation
Event: 17580.521 Executing VM operation: G1CollectForAllocation done
Event: 17581.227 Executing VM operation: G1Concurrent
Event: 17582.473 Executing VM operation: G1Concurrent done
Event: 17582.535 Executing VM operation: G1Concurrent
Event: 17583.263 Executing VM operation: G1Concurrent done

Events (20 events):
Event: 15973.984 Thread 0x0000024450b69210 Thread added: 0x0000024450b69210
Event: 15973.984 Thread 0x0000024450b696e0 Thread added: 0x0000024450b696e0
Event: 15979.003 Thread 0x0000024450b69210 Thread exited: 0x0000024450b69210
Event: 15979.065 Thread 0x0000024450b696e0 Thread exited: 0x0000024450b696e0
Event: 15985.743 Thread 0x0000024450b69210 Thread added: 0x0000024450b69210
Event: 15985.743 Thread 0x0000024450b696e0 Thread added: 0x0000024450b696e0
Event: 15990.762 Thread 0x0000024450b69210 Thread exited: 0x0000024450b69210
Event: 15990.780 Thread 0x0000024450b696e0 Thread exited: 0x0000024450b696e0
Event: 15992.544 Thread 0x0000024450b6a550 Thread added: 0x0000024450b6a550
Event: 15992.545 Thread 0x0000024450b67530 Thread added: 0x0000024450b67530
Event: 15999.142 Thread 0x0000024450b6a550 Thread exited: 0x0000024450b6a550
Event: 15999.173 Thread 0x0000024450b67530 Thread exited: 0x0000024450b67530
Event: 15999.330 Thread 0x0000024450b6a550 Thread added: 0x0000024450b6a550
Event: 15999.331 Thread 0x0000024450b69210 Thread added: 0x0000024450b69210
Event: 16010.541 Thread 0x0000024450b6a550 Thread exited: 0x0000024450b6a550
Event: 16010.573 Thread 0x0000024450b69210 Thread exited: 0x0000024450b69210
Event: 16013.333 Thread 0x0000024450b69210 Thread added: 0x0000024450b69210
Event: 16013.333 Thread 0x0000024450b696e0 Thread added: 0x0000024450b696e0
Event: 16018.352 Thread 0x0000024450b69210 Thread exited: 0x0000024450b69210
Event: 16018.384 Thread 0x0000024450b696e0 Thread exited: 0x0000024450b696e0


Dynamic libraries:
0x00007ff7828d0000 - 0x00007ff7828de000 	C:\Users\ramesh\Downloads\sts-4.19.0.RELEASE\plugins\org.eclipse.justj.openjdk.hotspot.jre.full.win32.x86_64_17.0.7.v20230425-1502\jre\bin\javaw.exe
0x00007fff38d30000 - 0x00007fff38f25000 	C:\WINDOWS\SYSTEM32\ntdll.dll
0x00007fff36e70000 - 0x00007fff36f2e000 	C:\WINDOWS\System32\KERNEL32.DLL
0x00007fff36780000 - 0x00007fff36a48000 	C:\WINDOWS\System32\KERNELBASE.dll
0x00007fff36580000 - 0x00007fff36680000 	C:\WINDOWS\System32\ucrtbase.dll
0x00007fff160d0000 - 0x00007fff160e9000 	C:\Users\ramesh\Downloads\sts-4.19.0.RELEASE\plugins\org.eclipse.justj.openjdk.hotspot.jre.full.win32.x86_64_17.0.7.v20230425-1502\jre\bin\VCRUNTIME140.dll
0x00007fff1e2f0000 - 0x00007fff1e307000 	C:\Users\ramesh\Downloads\sts-4.19.0.RELEASE\plugins\org.eclipse.justj.openjdk.hotspot.jre.full.win32.x86_64_17.0.7.v20230425-1502\jre\bin\jli.dll
0x00007fff37620000 - 0x00007fff377c0000 	C:\WINDOWS\System32\USER32.dll
0x00007fff36550000 - 0x00007fff36572000 	C:\WINDOWS\System32\win32u.dll
0x00007fff1f7b0000 - 0x00007fff1fa4a000 	C:\WINDOWS\WinSxS\amd64_microsoft.windows.common-controls_6595b64144ccf1df_6.0.19041.1110_none_60b5254171f9507e\COMCTL32.dll
0x00007fff37ff0000 - 0x00007fff3801b000 	C:\WINDOWS\System32\GDI32.dll
0x00007fff381d0000 - 0x00007fff3826e000 	C:\WINDOWS\System32\msvcrt.dll
0x00007fff36c80000 - 0x00007fff36d8d000 	C:\WINDOWS\System32\gdi32full.dll
0x00007fff36a50000 - 0x00007fff36aed000 	C:\WINDOWS\System32\msvcp_win.dll
0x00007fff36e40000 - 0x00007fff36e70000 	C:\WINDOWS\System32\IMM32.DLL
0x00007fff268d0000 - 0x00007fff268dc000 	C:\Users\ramesh\Downloads\sts-4.19.0.RELEASE\plugins\org.eclipse.justj.openjdk.hotspot.jre.full.win32.x86_64_17.0.7.v20230425-1502\jre\bin\vcruntime140_1.dll
0x00007ffefcf90000 - 0x00007ffefd021000 	C:\Users\ramesh\Downloads\sts-4.19.0.RELEASE\plugins\org.eclipse.justj.openjdk.hotspot.jre.full.win32.x86_64_17.0.7.v20230425-1502\jre\bin\msvcp140.dll
0x00007ffee84c0000 - 0x00007ffee9108000 	C:\Users\ramesh\Downloads\sts-4.19.0.RELEASE\plugins\org.eclipse.justj.openjdk.hotspot.jre.full.win32.x86_64_17.0.7.v20230425-1502\jre\bin\server\jvm.dll
0x00007fff382d0000 - 0x00007fff3837e000 	C:\WINDOWS\System32\ADVAPI32.dll
0x00007fff38450000 - 0x00007fff384ec000 	C:\WINDOWS\System32\sechost.dll
0x00007fff38090000 - 0x00007fff381b5000 	C:\WINDOWS\System32\RPCRT4.dll
0x00007fff28c50000 - 0x00007fff28c77000 	C:\WINDOWS\SYSTEM32\WINMM.dll
0x00007fff28250000 - 0x00007fff2825a000 	C:\WINDOWS\SYSTEM32\VERSION.dll
0x00007fff33d30000 - 0x00007fff33d39000 	C:\WINDOWS\SYSTEM32\WSOCK32.dll
0x00007fff38020000 - 0x00007fff3808b000 	C:\WINDOWS\System32\WS2_32.dll
0x00007fff34410000 - 0x00007fff34422000 	C:\WINDOWS\SYSTEM32\kernel.appcore.dll
0x00007fff28cf0000 - 0x00007fff28cfa000 	C:\Users\ramesh\Downloads\sts-4.19.0.RELEASE\plugins\org.eclipse.justj.openjdk.hotspot.jre.full.win32.x86_64_17.0.7.v20230425-1502\jre\bin\jimage.dll
0x00007fff26c70000 - 0x00007fff26e54000 	C:\WINDOWS\SYSTEM32\DBGHELP.DLL
0x00007fff26590000 - 0x00007fff265bc000 	C:\WINDOWS\SYSTEM32\dbgcore.DLL
0x00007fff366f0000 - 0x00007fff36772000 	C:\WINDOWS\System32\bcryptPrimitives.dll
0x00007fff1e310000 - 0x00007fff1e335000 	C:\Users\ramesh\Downloads\sts-4.19.0.RELEASE\plugins\org.eclipse.justj.openjdk.hotspot.jre.full.win32.x86_64_17.0.7.v20230425-1502\jre\bin\java.dll
0x00007fff28cd0000 - 0x00007fff28ce8000 	C:\Users\ramesh\Downloads\sts-4.19.0.RELEASE\plugins\org.eclipse.justj.openjdk.hotspot.jre.full.win32.x86_64_17.0.7.v20230425-1502\jre\bin\zip.dll
0x00007fff378a0000 - 0x00007fff37fe4000 	C:\WINDOWS\System32\SHELL32.dll
0x00007fff34610000 - 0x00007fff34da4000 	C:\WINDOWS\SYSTEM32\windows.storage.dll
0x00007fff387f0000 - 0x00007fff38b45000 	C:\WINDOWS\System32\combase.dll
0x00007fff35e80000 - 0x00007fff35eae000 	C:\WINDOWS\SYSTEM32\Wldp.dll
0x00007fff38b60000 - 0x00007fff38c0d000 	C:\WINDOWS\System32\SHCORE.dll
0x00007fff38790000 - 0x00007fff387e5000 	C:\WINDOWS\System32\shlwapi.dll
0x00007fff36440000 - 0x00007fff3645f000 	C:\WINDOWS\SYSTEM32\profapi.dll
0x00007fff1fe40000 - 0x00007fff1fe59000 	C:\Users\ramesh\Downloads\sts-4.19.0.RELEASE\plugins\org.eclipse.justj.openjdk.hotspot.jre.full.win32.x86_64_17.0.7.v20230425-1502\jre\bin\net.dll
0x00007fff2cac0000 - 0x00007fff2cbcc000 	C:\WINDOWS\SYSTEM32\WINHTTP.dll
0x00007fff35be0000 - 0x00007fff35c4a000 	C:\WINDOWS\system32\mswsock.dll
0x00007fff1fd10000 - 0x00007fff1fd25000 	C:\Users\ramesh\Downloads\sts-4.19.0.RELEASE\plugins\org.eclipse.justj.openjdk.hotspot.jre.full.win32.x86_64_17.0.7.v20230425-1502\jre\bin\nio.dll
0x00007fff22710000 - 0x00007fff22719000 	C:\Users\ramesh\Downloads\sts-4.19.0.RELEASE\plugins\org.eclipse.justj.openjdk.hotspot.jre.full.win32.x86_64_17.0.7.v20230425-1502\jre\bin\management.dll
0x00007fff22700000 - 0x00007fff2270b000 	C:\Users\ramesh\Downloads\sts-4.19.0.RELEASE\plugins\org.eclipse.justj.openjdk.hotspot.jre.full.win32.x86_64_17.0.7.v20230425-1502\jre\bin\management_ext.dll
0x00007fff38b50000 - 0x00007fff38b58000 	C:\WINDOWS\System32\PSAPI.DLL
0x00007fff24f20000 - 0x00007fff24f37000 	C:\WINDOWS\system32\napinsp.dll
0x00007fff24f00000 - 0x00007fff24f1b000 	C:\WINDOWS\system32\pnrpnsp.dll
0x00007fff24ee0000 - 0x00007fff24ef5000 	C:\WINDOWS\system32\wshbth.dll
0x00007fff31ef0000 - 0x00007fff31f0d000 	C:\WINDOWS\system32\NLAapi.dll
0x00007fff358d0000 - 0x00007fff3590b000 	C:\WINDOWS\SYSTEM32\IPHLPAPI.DLL
0x00007fff35910000 - 0x00007fff359db000 	C:\WINDOWS\SYSTEM32\DNSAPI.dll
0x00007fff381c0000 - 0x00007fff381c8000 	C:\WINDOWS\System32\NSI.dll
0x00007fff24e10000 - 0x00007fff24e22000 	C:\WINDOWS\System32\winrnr.dll
0x00007fff29f60000 - 0x00007fff29f6a000 	C:\Windows\System32\rasadhlp.dll
0x00007fff2be90000 - 0x00007fff2bf0f000 	C:\WINDOWS\System32\fwpuclnt.dll
0x00007fff36af0000 - 0x00007fff36b17000 	C:\WINDOWS\System32\bcrypt.dll
0x00007fff35de0000 - 0x00007fff35df8000 	C:\WINDOWS\SYSTEM32\CRYPTSP.dll
0x00007fff35560000 - 0x00007fff35594000 	C:\WINDOWS\system32\rsaenh.dll
0x00007fff36400000 - 0x00007fff3642e000 	C:\WINDOWS\SYSTEM32\USERENV.dll
0x00007fff35dd0000 - 0x00007fff35ddc000 	C:\WINDOWS\SYSTEM32\CRYPTBASE.dll
0x00007fff2f780000 - 0x00007fff2f797000 	C:\WINDOWS\SYSTEM32\dhcpcsvc6.DLL
0x00007fff30230000 - 0x00007fff3024d000 	C:\WINDOWS\SYSTEM32\dhcpcsvc.DLL
0x00007fff1fde0000 - 0x00007fff1fdee000 	C:\Users\ramesh\Downloads\sts-4.19.0.RELEASE\plugins\org.eclipse.justj.openjdk.hotspot.jre.full.win32.x86_64_17.0.7.v20230425-1502\jre\bin\sunmscapi.dll
0x00007fff36b20000 - 0x00007fff36c76000 	C:\WINDOWS\System32\CRYPT32.dll
0x00007fff35ef0000 - 0x00007fff35f17000 	C:\WINDOWS\SYSTEM32\ncrypt.dll
0x00007fff35eb0000 - 0x00007fff35eeb000 	C:\WINDOWS\SYSTEM32\NTASN1.dll
0x00007fff268c0000 - 0x00007fff268d0000 	C:\Users\ramesh\Downloads\sts-4.19.0.RELEASE\plugins\org.eclipse.justj.openjdk.hotspot.jre.full.win32.x86_64_17.0.7.v20230425-1502\jre\bin\verify.dll
0x00007fff21920000 - 0x00007fff21927000 	C:\WINDOWS\system32\wshunix.dll

dbghelp: loaded successfully - version: 4.0.5 - missing functions: none
symbol engine: initialized successfully - sym options: 0x614 - pdb path: .;C:\Users\ramesh\Downloads\sts-4.19.0.RELEASE\plugins\org.eclipse.justj.openjdk.hotspot.jre.full.win32.x86_64_17.0.7.v20230425-1502\jre\bin;C:\WINDOWS\SYSTEM32;C:\WINDOWS\WinSxS\amd64_microsoft.windows.common-controls_6595b64144ccf1df_6.0.19041.1110_none_60b5254171f9507e;C:\Users\ramesh\Downloads\sts-4.19.0.RELEASE\plugins\org.eclipse.justj.openjdk.hotspot.jre.full.win32.x86_64_17.0.7.v20230425-1502\jre\bin\server

VM Arguments:
jvm_args: -Dcom.sun.management.jmxremote -Dcom.sun.management.jmxremote.port=56694 -Dcom.sun.management.jmxremote.authenticate=false -Dcom.sun.management.jmxremote.ssl=false -Djava.rmi.server.hostname=localhost -Dspring.jmx.enabled=true -Dmanagement.endpoints.jmx.exposure.include=* -Dspring.application.admin.enabled=true -XX:TieredStopAtLevel=1 -Dspring.boot.project.name=opManagementProject -Dfile.encoding=UTF-8 -XX:+ShowCodeDetailsInExceptionMessages 
java_command: com.example.demo.OpManagementProjectApplication --spring.output.ansi.enabled=always
java_class_path (initial): C:\Users\ramesh\Documents\workspace-spring-tool-suite-4-4.19.0.RELEASE\opManagementProject\target\classes;C:\Users\ramesh\Downloads\log4j-1.2.15.jar;C:\Users\ramesh\.m2\repository\log4j\log4j\1.2.17\log4j-1.2.17.jar;C:\Users\ramesh\.m2\repository\com\mysql\mysql-connector-j\8.0.33\mysql-connector-j-8.0.33.jar;C:\Users\ramesh\.m2\repository\org\springframework\boot\spring-boot-starter-data-jpa\3.1.1\spring-boot-starter-data-jpa-3.1.1.jar;C:\Users\ramesh\.m2\repository\org\springframework\boot\spring-boot-starter-aop\3.1.1\spring-boot-starter-aop-3.1.1.jar;C:\Users\ramesh\.m2\repository\org\springframework\spring-aop\6.0.10\spring-aop-6.0.10.jar;C:\Users\ramesh\.m2\repository\org\aspectj\aspectjweaver\1.9.19\aspectjweaver-1.9.19.jar;C:\Users\ramesh\.m2\repository\org\springframework\boot\spring-boot-starter-jdbc\3.1.1\spring-boot-starter-jdbc-3.1.1.jar;C:\Users\ramesh\.m2\repository\com\zaxxer\HikariCP\5.0.1\HikariCP-5.0.1.jar;C:\Users\ramesh\.m2\repository\org\springframework\spring-jdbc\6.0.10\spring-jdbc-6.0.10.jar;C:\Users\ramesh\.m2\repository\org\hibernate\orm\hibernate-core\6.2.5.Final\hibernate-core-6.2.5.Final.jar;C:\Users\ramesh\.m2\repository\jakarta\persistence\jakarta.persistence-api\3.1.0\jakarta.persistence-api-3.1.0.jar;C:\Users\ramesh\.m2\repository\jakarta\transaction\jakarta.transaction-api\2.0.1\jakarta.transaction-api-2.0.1.jar;C:\Users\ramesh\.m2\repository\org\jboss\logging\jboss-logging\3.5.1.Final\jboss-logging-3.5.1.Final.jar;C:\Users\ramesh\.m2\repository\org\hibernate\common\hibernate-commons-annotations\6.0.6.Final\hibernate-commons-annotations-6.0.6.Final.jar;C:\Users\ramesh\.m2\repository\io\smallrye\jandex\3.0.5\jandex-3.0.5.jar;C:\Users\ramesh\.m2\repository\com\fasterxml\classmate\1.5.1\classmate-1.5.1.jar;C:\Users\ramesh\.m2\repository\net\bytebuddy\byte-buddy\1.14.5\byte-buddy-1.14.5.jar;C:\Users\ramesh\.m2\repository\org\glassfish\jaxb\jaxb-runtime\4.0.3\jaxb-runtime-4.0.3.jar;C:\Users\ramesh\.m2\reposi
Launcher Type: SUN_STANDARD

[Global flags]
     intx CICompilerCount                          = 3                                         {product} {ergonomic}
     uint ConcGCThreads                            = 1                                         {product} {ergonomic}
     uint G1ConcRefinementThreads                  = 4                                         {product} {ergonomic}
   size_t G1HeapRegionSize                         = 1048576                                   {product} {ergonomic}
    uintx GCDrainStackTargetSize                   = 64                                        {product} {ergonomic}
   size_t InitialHeapSize                          = 65011712                                  {product} {ergonomic}
     bool ManagementServer                         = true                                      {product} {command line}
   size_t MarkStackSize                            = 4194304                                   {product} {ergonomic}
   size_t MaxHeapSize                              = 1021313024                                {product} {ergonomic}
   size_t MaxNewSize                               = 612368384                                 {product} {ergonomic}
   size_t MinHeapDeltaBytes                        = 1048576                                   {product} {ergonomic}
   size_t MinHeapSize                              = 8388608                                   {product} {ergonomic}
    uintx NonProfiledCodeHeapSize                  = 0                                      {pd product} {ergonomic}
     bool ProfileInterpreter                       = false                                  {pd product} {command line}
    uintx ProfiledCodeHeapSize                     = 0                                      {pd product} {ergonomic}
     bool ShowCodeDetailsInExceptionMessages       = true                                   {manageable} {command line}
   size_t SoftMaxHeapSize                          = 1021313024                             {manageable} {ergonomic}
     intx TieredStopAtLevel                        = 1                                         {product} {command line}
     bool UseCompressedClassPointers               = true                           {product lp64_product} {ergonomic}
     bool UseCompressedOops                        = true                           {product lp64_product} {ergonomic}
     bool UseG1GC                                  = true                                      {product} {ergonomic}
     bool UseLargePagesIndividualAllocation        = false                                  {pd product} {ergonomic}

Logging:
Log output configuration:
 #0: stdout all=warning uptime,level,tags
 #1: stderr all=off uptime,level,tags

Environment Variables:
PATH=C:/Users/ramesh/Downloads/sts-4.19.0.RELEASE//plugins/org.eclipse.justj.openjdk.hotspot.jre.full.win32.x86_64_17.0.7.v20230425-1502/jre/bin/server;C:/Users/ramesh/Downloads/sts-4.19.0.RELEASE//plugins/org.eclipse.justj.openjdk.hotspot.jre.full.win32.x86_64_17.0.7.v20230425-1502/jre/bin;C:\Python311\Scripts\;C:\Python311\;C:\Program Files\Common Files\Oracle\Java\javapath;C:\oraclexe\app\oracle\product\11.2.0\server\bin;C:\WINDOWS\system32;C:\WINDOWS;C:\WINDOWS\System32\Wbem;C:\WINDOWS\System32\WindowsPowerShell\v1.0\;C:\WINDOWS\System32\OpenSSH\;C:\Program Files (x86)\dotnet\;C:\Program Files\Java\jdk-20\bin;C:\Program Files\MySQL\MySQL Server 8.0\bin;C:\ProgramData\chocolatey\bin;C:\Program Files\nodejs\;C:\Program Files\MySQL\MySQL Shell 8.0\bin\;C:\Users\ramesh\AppData\Local\Microsoft\WindowsApps;C:\Users\ramesh\AppData\Local\Microsoft\WindowsApps;C:\Users\ramesh\AppData\Local\Programs\Microsoft VS Code\bin;C:\Users\ramesh\AppData\Roaming\npm;C:\Users\ramesh\Downloads\sts-4.19.0.RELEASE;
USERNAME=ramesh
OS=Windows_NT
PROCESSOR_IDENTIFIER=Intel64 Family 6 Model 37 Stepping 5, GenuineIntel
TMP=C:\Users\ramesh\AppData\Local\Temp
TEMP=C:\Users\ramesh\AppData\Local\Temp



---------------  S Y S T E M  ---------------

OS:
 Windows 10 , 64 bit Build 19041 (10.0.19041.1503)
OS uptime: 4 days 15:09 hours

CPU: total 4 (initial active 4) (2 cores per cpu, 2 threads per core) family 6 model 37 stepping 5 microcode 0x7, cx8, cmov, fxsr, ht, mmx, sse, sse2, sse3, ssse3, sse4.1, sse4.2, popcnt, tsc, tscinvbit, clflush

Memory: 4k page, system-wide physical 3893M (771M free)
TotalPageFile size 11657M (AvailPageFile size 3781M)
current process WorkingSet (physical memory assigned to process): 149M, peak: 207M
current process commit charge ("private bytes"): 240M, peak: 240M

vm_info: OpenJDK 64-Bit Server VM (17.0.7+7) for windows-amd64 JRE (17.0.7+7), built on Apr 18 2023 22:10:42 by "temurin" with MS VC++ 16.7 (VS2019)

END.
